#
# A fatal error has been detected by the Java Runtime Environment:
#
#  EXCEPTION_ACCESS_VIOLATION (0xc0000005) at pc=0x00007ff9e740e0a9, pid=8664, tid=7336
#
# JRE version: OpenJDK Runtime Environment Microsoft-8035246 (17.0.8+7) (build 17.0.8+7-LTS)
# Java VM: OpenJDK 64-Bit Server VM Microsoft-8035246 (17.0.8+7-LTS, mixed mode, sharing, tiered, compressed oops, compressed class ptrs, g1 gc, windows-amd64)
# Problematic frame:
# V  [jvm.dll+0x2be0a9]
#
# No core dump will be written. Minidumps are not enabled by default on client versions of Windows
#
# If you would like to submit a bug report, please visit:
#   https://github.com/microsoft/openjdk/issues
#

---------------  S U M M A R Y ------------

Command Line: -XX:MaxMetaspaceSize=512m --add-opens=java.base/java.util=ALL-UNNAMED --add-opens=java.base/java.lang=ALL-UNNAMED --add-opens=java.base/java.lang.invoke=ALL-UNNAMED --add-opens=java.prefs/java.util.prefs=ALL-UNNAMED --add-exports=jdk.compiler/com.sun.tools.javac.api=ALL-UNNAMED --add-exports=jdk.compiler/com.sun.tools.javac.util=ALL-UNNAMED --add-opens=java.base/java.nio.charset=ALL-UNNAMED --add-opens=java.base/java.net=ALL-UNNAMED --add-opens=java.base/java.util.concurrent.atomic=ALL-UNNAMED -Xmx2048m -Dfile.encoding=windows-1252 -Duser.country=AR -Duser.language=es -Duser.variant -javaagent:C:\Users\maxi3\.gradle\wrapper\dists\gradle-8.10.2-all\7iv73wktx1xtkvlq19urqw1wm\gradle-8.10.2\lib\agents\gradle-instrumentation-agent-8.10.2.jar org.gradle.launcher.daemon.bootstrap.GradleDaemon 8.10.2

Host: AMD Ryzen 3 3200G with Radeon Vega Graphics    , 4 cores, 5G,  Windows 10 , 64 bit Build 19041 (10.0.19041.5072)
Time: Tue Nov 19 09:41:12 2024 Hora estándar de Argentina elapsed time: 41.211936 seconds (0d 0h 0m 41s)

---------------  T H R E A D  ---------------

Current thread (0x00000157ffcac990):  JavaThread "C2 CompilerThread0" daemon [_thread_in_native, id=7336, stack(0x0000000101300000,0x0000000101400000)]


Current CompileTask:
C2:  41212 13163       4       org.gradle.cache.internal.ExclusiveCacheAccessingWorker$$Lambda$546/0x000001579c49dec0::call (10 bytes)

Stack: [0x0000000101300000,0x0000000101400000],  sp=0x00000001013fb470,  free space=1005k
Native frames: (J=compiled Java code, j=interpreted, Vv=VM code, C=native code)
V  [jvm.dll+0x2be0a9]
V  [jvm.dll+0x21ba8b]
V  [jvm.dll+0x21944b]
V  [jvm.dll+0x1a56b6]
V  [jvm.dll+0x2291ea]
V  [jvm.dll+0x22724c]
V  [jvm.dll+0x7efd0c]
V  [jvm.dll+0x7ea13a]
V  [jvm.dll+0x67ad85]
C  [ucrtbase.dll+0x21bb2]
C  [KERNEL32.DLL+0x17374]
C  [ntdll.dll+0x4cc91]


siginfo: EXCEPTION_ACCESS_VIOLATION (0xc0000005), reading address 0x0000000000000028


Register to memory mapping:

RIP=0x00007ff9e740e0a9 jvm.dll
RAX=0x00000157bf514910 points into unknown readable memory: 0x0000000000000000 | 00 00 00 00 00 00 00 00
RBX=0x0000000000001d3f is an unknown value
RCX=0x00000157bf524910 points into unknown readable memory: 0x00000157bff03618 | 18 36 f0 bf 57 01 00 00
RDX=0x0 is NULL
RSP=0x00000001013fb470 is pointing into the stack for thread: 0x00000157ffcac990
RBP=0x00000001013fb4e0 is pointing into the stack for thread: 0x00000157ffcac990
RSI=0x0 is NULL
RDI=0x0000000000000068 is an unknown value
R8 =0x0 is NULL
R9 =0x0 is NULL
R10=0x00007ffa298c0000 VCRUNTIME140.dll
R11=0x00000157bf514930 points into unknown readable memory: 0x0000000000000000 | 00 00 00 00 00 00 00 00
R12=0x0000000000000050 is an unknown value
R13=0x0 is NULL
R14=0x0 is NULL
R15=0x00000001013fe690 is pointing into the stack for thread: 0x00000157ffcac990


Registers:
RAX=0x00000157bf514910, RBX=0x0000000000001d3f, RCX=0x00000157bf524910, RDX=0x0000000000000000
RSP=0x00000001013fb470, RBP=0x00000001013fb4e0, RSI=0x0000000000000000, RDI=0x0000000000000068
R8 =0x0000000000000000, R9 =0x0000000000000000, R10=0x00007ffa298c0000, R11=0x00000157bf514930
R12=0x0000000000000050, R13=0x0000000000000000, R14=0x0000000000000000, R15=0x00000001013fe690
RIP=0x00007ff9e740e0a9, EFLAGS=0x0000000000010246

Top of Stack: (sp=0x00000001013fb470)
0x00000001013fb470:   0000000000001d3f 0000000000000000
0x00000001013fb480:   00000001013fe690 00007ff9e73738d1
0x00000001013fb490:   00000157ffc9cac0 00007ff900002000
0x00000001013fb4a0:   00000157bf514910 0000015700000000
0x00000001013fb4b0:   0000015700000002 00000157be21c6d0
0x00000001013fb4c0:   0000000000000002 00000157ffc9cac0
0x00000001013fb4d0:   0000000000000000 0000000000000000
0x00000001013fb4e0:   00000157fcba81e0 00000157fcb4c9d0
0x00000001013fb4f0:   0000000000000068 00007ff9e7a94c08
0x00000001013fb500:   00000001013fb610 00007ff9e736ba8b
0x00000001013fb510:   00000001013fe690 00007ff9e7a94c08
0x00000001013fb520:   00000001013fe690 00000001013fb610
0x00000001013fb530:   0000000100000000 00000001013ff1f0
0x00000001013fb540:   000000010000000f 00000001013fe690
0x00000001013fb550:   00000001013fb6c0 00007ff900000000
0x00000001013fb560:   0000015700000100 00007ff9e7a94c08 

Instructions: (pc=0x00007ff9e740e0a9)
0x00007ff9e740dfa9:   3b d0 75 0b ff c1 41 3b c9 7c dc 48 8b c2 c3 33
0x00007ff9e740dfb9:   c0 c3 cc cc cc cc cc 48 89 5c 24 18 55 56 57 41
0x00007ff9e740dfc9:   55 41 57 48 8b ec 48 83 ec 70 65 48 8b 04 25 58
0x00007ff9e740dfd9:   00 00 00 48 8b f2 44 8b 05 d2 8b 90 00 4c 8b f9
0x00007ff9e740dfe9:   4a 8b 1c c0 b8 50 00 00 00 80 3c 18 00 75 05 e8
0x00007ff9e740dff9:   8b 6f 5d 00 b8 20 00 00 00 48 8b 04 18 48 8b 98
0x00007ff9e740e009:   38 02 00 00 48 89 5d b0 c7 45 b8 04 00 00 00 48
0x00007ff9e740e019:   8b 43 18 48 83 f8 df 76 18 4c 8d 05 37 a9 65 00
0x00007ff9e740e029:   ba 20 00 00 00 48 8b cb e8 5a eb de ff 48 8b 43
0x00007ff9e740e039:   18 48 8d 48 20 48 3b 4b 20 76 11 45 33 c0 48 8b
0x00007ff9e740e049:   cb 41 8d 50 20 e8 fd e8 de ff eb 04 48 89 4b 18
0x00007ff9e740e059:   44 8b 45 b8 33 d2 49 c1 e0 03 48 8b c8 48 89 45
0x00007ff9e740e069:   c0 e8 e3 80 5d 00 45 33 ed 48 8d 4d d0 44 89 6d
0x00007ff9e740e079:   c8 e8 01 59 56 00 41 8b 9f 40 02 00 00 41 2b 9f
0x00007ff9e740e089:   68 02 00 00 44 89 6d f0 3b 5d b8 72 0b 8b d3 48
0x00007ff9e740e099:   8d 4d b0 e8 6f b3 39 00 48 8b 45 c0 4c 89 2c d8
0x00007ff9e740e0a9:   8b 7e 28 8b df c1 eb 05 3b 5d d0 72 0b 8b d3 48
0x00007ff9e740e0b9:   8d 4d d0 e8 1f 59 56 00 48 8b 45 d8 83 e7 1f 48
0x00007ff9e740e0c9:   8d 14 98 40 0f b6 cf 41 b8 01 00 00 00 41 d3 e0
0x00007ff9e740e0d9:   8b 0a 8b c1 41 0b c0 89 02 41 85 c8 75 21 8b 5d
0x00007ff9e740e0e9:   c8 8d 43 01 89 45 c8 3b 5d b8 72 0b 8b d3 48 8d
0x00007ff9e740e0f9:   4d b0 e8 10 b3 39 00 48 8b 45 c0 48 89 34 d8 44
0x00007ff9e740e109:   39 6d c8 0f 86 77 01 00 00 4c 89 a4 24 a0 00 00
0x00007ff9e740e119:   00 4c 89 b4 24 a8 00 00 00 48 8b 45 c0 41 8b cd
0x00007ff9e740e129:   48 8b 34 c8 8b 46 2c 25 ff 1f 00 00 3d 04 10 00
0x00007ff9e740e139:   00 0f 85 a7 00 00 00 bb 01 00 00 00 39 5e 18 76
0x00007ff9e740e149:   39 66 0f 1f 44 00 00 48 8b 46 08 8b cb 48 8b 14
0x00007ff9e740e159:   c8 48 85 d2 74 1d 48 83 7a 10 00 74 16 80 7a 2c
0x00007ff9e740e169:   84 74 10 e8 7f 7e ee ff 48 8b d0 49 8b cf e8 a4
0x00007ff9e740e179:   61 f6 ff ff c3 3b 5e 18 72 cd 48 8b 5e 10 8b 46
0x00007ff9e740e189:   20 4c 8d 34 c3 49 3b de 73 54 48 8b 3b 8b 47 2c
0x00007ff9e740e199:   83 e0 03 3c 03 75 2e 48 8b 07 48 8b cf ff 90 88 


Stack slot to memory mapping:
stack at sp + 0 slots: 0x0000000000001d3f is an unknown value
stack at sp + 1 slots: 0x0 is NULL
stack at sp + 2 slots: 0x00000001013fe690 is pointing into the stack for thread: 0x00000157ffcac990
stack at sp + 3 slots: 0x00007ff9e73738d1 jvm.dll
stack at sp + 4 slots: 0x00000157ffc9cac0 points into unknown readable memory: 0x0000000000000006 | 06 00 00 00 00 00 00 00
stack at sp + 5 slots: 0x00007ff900002000 is an unknown value
stack at sp + 6 slots: 0x00000157bf514910 points into unknown readable memory: 0x0000000000000000 | 00 00 00 00 00 00 00 00
stack at sp + 7 slots: 0x0000015700000000 is an unknown value


---------------  P R O C E S S  ---------------

Threads class SMR info:
_java_thread_list=0x00000157bf475200, length=92, elements={
0x00000157fcb35980, 0x00000157ffc8a880, 0x00000157ffc8b610, 0x00000157ffc9eeb0,
0x00000157ffca1b50, 0x00000157ffca7bb0, 0x00000157ffca8480, 0x00000157ffcac990,
0x00000157ffcb52b0, 0x00000157ffcbffb0, 0x000001579abffcc0, 0x000001579ac01b20,
0x000001579ac001d0, 0x000001579ac02540, 0x000001579ac02a50, 0x000001579abff7b0,
0x000001579ac02030, 0x000001579ac006e0, 0x000001579ac00bf0, 0x000001579ac01100,
0x00000157bb68fa90, 0x00000157bb689a60, 0x00000157bb68e140, 0x00000157bb68b3b0,
0x00000157bb68f580, 0x00000157bb68f070, 0x00000157bb68bdd0, 0x00000157bb68ffa0,
0x00000157bb68c7f0, 0x00000157bb6904b0, 0x00000157bb68aea0, 0x00000157bb689f70,
0x00000157bb68a480, 0x00000157bb68d720, 0x00000157bb68cd00, 0x00000157bb68b8c0,
0x00000157bb68d210, 0x00000157bb68eb60, 0x00000157bb68dc30, 0x00000157bb68e650,
0x00000157bd9b4810, 0x00000157bd9b0640, 0x00000157bd9b6670, 0x00000157bd9b4d20,
0x00000157bd9b6160, 0x00000157bd9b6b80, 0x00000157bd9b0b50, 0x00000157bd9b4300,
0x00000157bd9b5740, 0x00000157bd9b5230, 0x00000157bd9b1060, 0x00000157bd9afc20,
0x00000157bd9b1570, 0x00000157bd9b1a80, 0x00000157bd9b2ec0, 0x00000157bd9b1f90,
0x00000157bd9b24a0, 0x00000157bd9b33d0, 0x00000157bd9b3df0, 0x000001579ac01610,
0x00000157bbe1eba0, 0x00000157bbe1d250, 0x00000157bbe1f0b0, 0x00000157bbe1d760,
0x00000157bbe1e180, 0x00000157bbe204f0, 0x00000157bbe1f5c0, 0x00000157bbe1dc70,
0x00000157bbe1fad0, 0x00000157bbe23280, 0x00000157bbe1ffe0, 0x00000157bbe1e690,
0x00000157bbe21930, 0x00000157bbe22d70, 0x00000157bbe21420, 0x00000157bbe20f10,
0x00000157bbe21e40, 0x00000157bbe22350, 0x00000157bbe22860, 0x00000157bbe23790,
0x00000157bbe1c830, 0x00000157bbe241b0, 0x00000157bbe1cd40, 0x00000157bdf8f4f0,
0x00000157bdf90e40, 0x00000157bdf91d70, 0x00000157bdf8dba0, 0x00000157bdf90930,
0x00000157bdf8c250, 0x00000157bdf91350, 0x00000157bdf8fa00, 0x00000157bdf93bd0
}

Java Threads: ( => current thread )
  0x00000157fcb35980 JavaThread "main" [_thread_blocked, id=13984, stack(0x0000000100600000,0x0000000100700000)]
  0x00000157ffc8a880 JavaThread "Reference Handler" daemon [_thread_blocked, id=9508, stack(0x0000000100d00000,0x0000000100e00000)]
  0x00000157ffc8b610 JavaThread "Finalizer" daemon [_thread_blocked, id=7480, stack(0x0000000100e00000,0x0000000100f00000)]
  0x00000157ffc9eeb0 JavaThread "Signal Dispatcher" daemon [_thread_blocked, id=2140, stack(0x0000000100f00000,0x0000000101000000)]
  0x00000157ffca1b50 JavaThread "Attach Listener" daemon [_thread_blocked, id=8164, stack(0x0000000101000000,0x0000000101100000)]
  0x00000157ffca7bb0 JavaThread "Service Thread" daemon [_thread_blocked, id=11188, stack(0x0000000101100000,0x0000000101200000)]
  0x00000157ffca8480 JavaThread "Monitor Deflation Thread" daemon [_thread_blocked, id=5040, stack(0x0000000101200000,0x0000000101300000)]
=>0x00000157ffcac990 JavaThread "C2 CompilerThread0" daemon [_thread_in_native, id=7336, stack(0x0000000101300000,0x0000000101400000)]
  0x00000157ffcb52b0 JavaThread "C1 CompilerThread0" daemon [_thread_blocked, id=7748, stack(0x0000000101400000,0x0000000101500000)]
  0x00000157ffcbffb0 JavaThread "Sweeper thread" daemon [_thread_blocked, id=14832, stack(0x0000000101500000,0x0000000101600000)]
  0x000001579abffcc0 JavaThread "Common-Cleaner" daemon [_thread_blocked, id=12284, stack(0x0000000101600000,0x0000000101700000)]
  0x000001579ac01b20 JavaThread "Notification Thread" daemon [_thread_blocked, id=2304, stack(0x0000000101700000,0x0000000101800000)]
  0x000001579ac001d0 JavaThread "Daemon health stats" [_thread_blocked, id=1272, stack(0x0000000101b00000,0x0000000101c00000)]
  0x000001579ac02540 JavaThread "Incoming local TCP Connector on port 62063" [_thread_in_native, id=3308, stack(0x0000000101e00000,0x0000000101f00000)]
  0x000001579ac02a50 JavaThread "Daemon periodic checks" [_thread_blocked, id=14880, stack(0x0000000101f00000,0x0000000102000000)]
  0x000001579abff7b0 JavaThread "Daemon" [_thread_blocked, id=9956, stack(0x0000000102000000,0x0000000102100000)]
  0x000001579ac02030 JavaThread "Handler for socket connection from /127.0.0.1:62063 to /127.0.0.1:62064" [_thread_in_native, id=13708, stack(0x0000000102100000,0x0000000102200000)]
  0x000001579ac006e0 JavaThread "Cancel handler" [_thread_blocked, id=13428, stack(0x0000000102200000,0x0000000102300000)]
  0x000001579ac00bf0 JavaThread "Daemon worker" [_thread_in_native, id=12780, stack(0x0000000102300000,0x0000000102400000)]
  0x000001579ac01100 JavaThread "Asynchronous log dispatcher for DefaultDaemonConnection: socket connection from /127.0.0.1:62063 to /127.0.0.1:62064" [_thread_blocked, id=10516, stack(0x0000000102400000,0x0000000102500000)]
  0x00000157bb68fa90 JavaThread "Stdin handler" [_thread_blocked, id=10476, stack(0x0000000102500000,0x0000000102600000)]
  0x00000157bb689a60 JavaThread "Daemon client event forwarder" [_thread_blocked, id=5460, stack(0x0000000102600000,0x0000000102700000)]
  0x00000157bb68e140 JavaThread "Cache worker for journal cache (C:\Users\maxi3\.gradle\caches\journal-1)" [_thread_blocked, id=11044, stack(0x0000000102700000,0x0000000102800000)]
  0x00000157bb68b3b0 JavaThread "File lock request listener" [_thread_in_native, id=15084, stack(0x0000000102800000,0x0000000102900000)]
  0x00000157bb68f580 JavaThread "Cache worker for file hash cache (C:\Users\maxi3\.gradle\caches\8.10.2\fileHashes)" [_thread_blocked, id=7460, stack(0x0000000102900000,0x0000000102a00000)]
  0x00000157bb68f070 JavaThread "Cache worker for file hash cache (D:\Programacion\React native\MoviesApp\android\.gradle\8.10.2\fileHashes)" [_thread_blocked, id=4584, stack(0x0000000102a00000,0x0000000102b00000)]
  0x00000157bb68bdd0 JavaThread "Cache worker for Build Output Cleanup Cache (D:\Programacion\React native\MoviesApp\android\.gradle\buildOutputCleanup)" [_thread_blocked, id=3440, stack(0x0000000102b00000,0x0000000102c00000)]
  0x00000157bb68ffa0 JavaThread "File watcher server" daemon [_thread_in_native, id=12516, stack(0x0000000102c00000,0x0000000102d00000)]
  0x00000157bb68c7f0 JavaThread "File watcher consumer" daemon [_thread_blocked, id=10508, stack(0x0000000102d00000,0x0000000102e00000)]
  0x00000157bb6904b0 JavaThread "Cache worker for checksums cache (D:\Programacion\React native\MoviesApp\android\.gradle\8.10.2\checksums)" [_thread_blocked, id=528, stack(0x0000000102e00000,0x0000000102f00000)]
  0x00000157bb68aea0 JavaThread "Cache worker for file content cache (C:\Users\maxi3\.gradle\caches\8.10.2\fileContent)" [_thread_blocked, id=15036, stack(0x0000000102f00000,0x0000000103000000)]
  0x00000157bb689f70 JavaThread "Cache worker for cache directory md-rule (C:\Users\maxi3\.gradle\caches\8.10.2\md-rule)" [_thread_blocked, id=14892, stack(0x0000000103000000,0x0000000103100000)]
  0x00000157bb68a480 JavaThread "Cache worker for cache directory md-supplier (C:\Users\maxi3\.gradle\caches\8.10.2\md-supplier)" [_thread_blocked, id=3508, stack(0x0000000103100000,0x0000000103200000)]
  0x00000157bb68d720 JavaThread "jar transforms" [_thread_blocked, id=14236, stack(0x0000000103300000,0x0000000103400000)]
  0x00000157bb68cd00 JavaThread "Cache worker for Build Output Cleanup Cache (D:\Programacion\React native\MoviesApp\node_modules\@react-native\gradle-plugin\.gradle\buildOutputCleanup)" [_thread_blocked, id=14176, stack(0x0000000103400000,0x0000000103500000)]
  0x00000157bb68b8c0 JavaThread "Unconstrained build operations" [_thread_blocked, id=2728, stack(0x0000000103500000,0x0000000103600000)]
  0x00000157bb68d210 JavaThread "Unconstrained build operations Thread 2" [_thread_blocked, id=10736, stack(0x0000000103600000,0x0000000103700000)]
  0x00000157bb68eb60 JavaThread "Unconstrained build operations Thread 3" [_thread_blocked, id=11816, stack(0x0000000103700000,0x0000000103800000)]
  0x00000157bb68dc30 JavaThread "Unconstrained build operations Thread 4" [_thread_blocked, id=3300, stack(0x0000000103800000,0x0000000103900000)]
  0x00000157bb68e650 JavaThread "Unconstrained build operations Thread 5" [_thread_blocked, id=9664, stack(0x0000000103900000,0x0000000103a00000)]
  0x00000157bd9b4810 JavaThread "Unconstrained build operations Thread 6" [_thread_blocked, id=10672, stack(0x0000000103a00000,0x0000000103b00000)]
  0x00000157bd9b0640 JavaThread "Unconstrained build operations Thread 7" [_thread_blocked, id=13456, stack(0x0000000103d00000,0x0000000103e00000)]
  0x00000157bd9b6670 JavaThread "Unconstrained build operations Thread 8" [_thread_blocked, id=11624, stack(0x0000000103e00000,0x0000000103f00000)]
  0x00000157bd9b4d20 JavaThread "Unconstrained build operations Thread 9" [_thread_blocked, id=10868, stack(0x0000000103f00000,0x0000000104000000)]
  0x00000157bd9b6160 JavaThread "Unconstrained build operations Thread 10" [_thread_blocked, id=13588, stack(0x0000000104000000,0x0000000104100000)]
  0x00000157bd9b6b80 JavaThread "Unconstrained build operations Thread 11" [_thread_blocked, id=14376, stack(0x0000000104100000,0x0000000104200000)]
  0x00000157bd9b0b50 JavaThread "Unconstrained build operations Thread 12" [_thread_blocked, id=14372, stack(0x0000000104200000,0x0000000104300000)]
  0x00000157bd9b4300 JavaThread "Unconstrained build operations Thread 13" [_thread_blocked, id=10552, stack(0x0000000103c00000,0x0000000103d00000)]
  0x00000157bd9b5740 JavaThread "Unconstrained build operations Thread 14" [_thread_blocked, id=13448, stack(0x0000000104300000,0x0000000104400000)]
  0x00000157bd9b5230 JavaThread "Unconstrained build operations Thread 15" [_thread_blocked, id=10544, stack(0x0000000104400000,0x0000000104500000)]
  0x00000157bd9b1060 JavaThread "Memory manager" [_thread_blocked, id=9580, stack(0x0000000104600000,0x0000000104700000)]
  0x00000157bd9afc20 JavaThread "build event listener" [_thread_blocked, id=10472, stack(0x0000000104700000,0x0000000104800000)]
  0x00000157bd9b1570 JavaThread "ForkJoinPool.commonPool-worker-1" daemon [_thread_blocked, id=10176, stack(0x0000000104800000,0x0000000104900000)]
  0x00000157bd9b1a80 JavaThread "ForkJoinPool.commonPool-worker-2" daemon [_thread_blocked, id=14548, stack(0x0000000104900000,0x0000000104a00000)]
  0x00000157bd9b2ec0 JavaThread "ForkJoinPool.commonPool-worker-3" daemon [_thread_blocked, id=14708, stack(0x0000000104a00000,0x0000000104b00000)]
  0x00000157bd9b1f90 JavaThread "Exec process" [_thread_blocked, id=10616, stack(0x0000000104b00000,0x0000000104c00000)]
  0x00000157bd9b24a0 JavaThread "Exec process Thread 2" [_thread_blocked, id=2940, stack(0x0000000104c00000,0x0000000104d00000)]
  0x00000157bd9b33d0 JavaThread "Exec process Thread 3" [_thread_blocked, id=432, stack(0x0000000104d00000,0x0000000104e00000)]
  0x00000157bd9b3df0 JavaThread "included builds" [_thread_blocked, id=15072, stack(0x0000000104500000,0x0000000104600000)]
  0x000001579ac01610 JavaThread "Execution worker" [_thread_blocked, id=15332, stack(0x0000000104e00000,0x0000000104f00000)]
  0x00000157bbe1eba0 JavaThread "Execution worker Thread 2" [_thread_blocked, id=6360, stack(0x0000000104f00000,0x0000000105000000)]
  0x00000157bbe1d250 JavaThread "Execution worker Thread 3" [_thread_blocked, id=9952, stack(0x0000000105000000,0x0000000105100000)]
  0x00000157bbe1f0b0 JavaThread "Cache worker for execution history cache (D:\Programacion\React native\MoviesApp\node_modules\@react-native\gradle-plugin\.gradle\8.10.2\executionHistory)" [_thread_blocked, id=8456, stack(0x0000000105100000,0x0000000105200000)]
  0x00000157bbe1d760 JavaThread "Unconstrained build operations Thread 16" [_thread_blocked, id=13668, stack(0x0000000105200000,0x0000000105300000)]
  0x00000157bbe1e180 JavaThread "Unconstrained build operations Thread 17" [_thread_in_native, id=10408, stack(0x0000000105300000,0x0000000105400000)]
  0x00000157bbe204f0 JavaThread "Unconstrained build operations Thread 18" [_thread_blocked, id=3204, stack(0x0000000105400000,0x0000000105500000)]
  0x00000157bbe1f5c0 JavaThread "Unconstrained build operations Thread 19" [_thread_blocked, id=3192, stack(0x0000000105500000,0x0000000105600000)]
  0x00000157bbe1dc70 JavaThread "Unconstrained build operations Thread 20" [_thread_blocked, id=10216, stack(0x0000000105600000,0x0000000105700000)]
  0x00000157bbe1fad0 JavaThread "Unconstrained build operations Thread 21" [_thread_in_Java, id=6924, stack(0x0000000105700000,0x0000000105800000)]
  0x00000157bbe23280 JavaThread "Unconstrained build operations Thread 22" [_thread_blocked, id=9288, stack(0x0000000105800000,0x0000000105900000)]
  0x00000157bbe1ffe0 JavaThread "Unconstrained build operations Thread 23" [_thread_blocked, id=7152, stack(0x0000000105900000,0x0000000105a00000)]
  0x00000157bbe1e690 JavaThread "Unconstrained build operations Thread 24" [_thread_blocked, id=7792, stack(0x0000000105a00000,0x0000000105b00000)]
  0x00000157bbe21930 JavaThread "Unconstrained build operations Thread 25" [_thread_blocked, id=2188, stack(0x0000000105b00000,0x0000000105c00000)]
  0x00000157bbe22d70 JavaThread "Unconstrained build operations Thread 26" [_thread_blocked, id=3816, stack(0x0000000105c00000,0x0000000105d00000)]
  0x00000157bbe21420 JavaThread "Unconstrained build operations Thread 27" [_thread_blocked, id=11420, stack(0x0000000105d00000,0x0000000105e00000)]
  0x00000157bbe20f10 JavaThread "Unconstrained build operations Thread 28" [_thread_blocked, id=6896, stack(0x0000000105e00000,0x0000000105f00000)]
  0x00000157bbe21e40 JavaThread "Unconstrained build operations Thread 29" [_thread_blocked, id=10576, stack(0x0000000105f00000,0x0000000106000000)]
  0x00000157bbe22350 JavaThread "Unconstrained build operations Thread 30" [_thread_blocked, id=10760, stack(0x0000000106000000,0x0000000106100000)]
  0x00000157bbe22860 JavaThread "Unconstrained build operations Thread 31" [_thread_blocked, id=13128, stack(0x0000000106100000,0x0000000106200000)]
  0x00000157bbe23790 JavaThread "Unconstrained build operations Thread 32" [_thread_blocked, id=4604, stack(0x0000000106200000,0x0000000106300000)]
  0x00000157bbe1c830 JavaThread "Unconstrained build operations Thread 33" [_thread_blocked, id=7328, stack(0x0000000106300000,0x0000000106400000)]
  0x00000157bbe241b0 JavaThread "Unconstrained build operations Thread 34" [_thread_blocked, id=7848, stack(0x0000000106400000,0x0000000106500000)]
  0x00000157bbe1cd40 JavaThread "Unconstrained build operations Thread 35" [_thread_blocked, id=1412, stack(0x0000000106500000,0x0000000106600000)]
  0x00000157bdf8f4f0 JavaThread "Unconstrained build operations Thread 36" [_thread_blocked, id=224, stack(0x0000000106600000,0x0000000106700000)]
  0x00000157bdf90e40 JavaThread "jar transforms Thread 2" [_thread_blocked, id=13476, stack(0x0000000106700000,0x0000000106800000)]
  0x00000157bdf91d70 JavaThread "jar transforms Thread 3" [_thread_blocked, id=14720, stack(0x0000000106800000,0x0000000106900000)]
  0x00000157bdf8dba0 JavaThread "Unconstrained build operations Thread 37" [_thread_blocked, id=2072, stack(0x0000000106900000,0x0000000106a00000)]
  0x00000157bdf90930 JavaThread "Unconstrained build operations Thread 38" [_thread_blocked, id=14852, stack(0x0000000106a00000,0x0000000106b00000)]
  0x00000157bdf8c250 JavaThread "Unconstrained build operations Thread 39" [_thread_blocked, id=7628, stack(0x0000000106b00000,0x0000000106c00000)]
  0x00000157bdf91350 JavaThread "Unconstrained build operations Thread 40" [_thread_blocked, id=3944, stack(0x0000000106c00000,0x0000000106d00000)]
  0x00000157bdf8fa00 JavaThread "jar transforms Thread 4" [_thread_blocked, id=9072, stack(0x0000000100400000,0x0000000100500000)]
  0x00000157bdf93bd0 JavaThread "build event listener" [_thread_blocked, id=10884, stack(0x0000000106f00000,0x0000000107000000)]

Other Threads:
  0x00000157ffc85d60 VMThread "VM Thread" [stack: 0x0000000100c00000,0x0000000100d00000] [id=2784]
  0x00000157fcbb2c20 WatcherThread [stack: 0x0000000101800000,0x0000000101900000] [id=12084]
  0x00000157fcb93b40 GCTaskThread "GC Thread#0" [stack: 0x0000000100700000,0x0000000100800000] [id=8168]
  0x000001579ae61300 GCTaskThread "GC Thread#1" [stack: 0x0000000101900000,0x0000000101a00000] [id=5580]
  0x000001579ada1f80 GCTaskThread "GC Thread#2" [stack: 0x0000000101a00000,0x0000000101b00000] [id=7380]
  0x00000157ba5ba560 GCTaskThread "GC Thread#3" [stack: 0x0000000101c00000,0x0000000101d00000] [id=13480]
  0x00000157fcba59b0 ConcurrentGCThread "G1 Main Marker" [stack: 0x0000000100800000,0x0000000100900000] [id=13148]
  0x00000157fcba6a70 ConcurrentGCThread "G1 Conc#0" [stack: 0x0000000100900000,0x0000000100a00000] [id=8644]
  0x00000157ffb400a0 ConcurrentGCThread "G1 Refine#0" [stack: 0x0000000100a00000,0x0000000100b00000] [id=6988]
  0x00000157ba5bb060 ConcurrentGCThread "G1 Refine#1" [stack: 0x0000000101d00000,0x0000000101e00000] [id=14320]
  0x00000157bd4ce470 ConcurrentGCThread "G1 Refine#2" [stack: 0x0000000103200000,0x0000000103300000] [id=12728]
  0x00000157ffb409e0 ConcurrentGCThread "G1 Service" [stack: 0x0000000100b00000,0x0000000100c00000] [id=6168]

Threads with active compile tasks:
C2 CompilerThread0    41291 13163       4       org.gradle.cache.internal.ExclusiveCacheAccessingWorker$$Lambda$546/0x000001579c49dec0::call (10 bytes)

VM state: not at safepoint (normal execution)

VM Mutex/Monitor currently owned by a thread: None

Heap address: 0x0000000080000000, size: 2048 MB, Compressed Oops mode: 32-bit

CDS archive(s) mapped at: [0x000001579b000000-0x000001579bbd0000-0x000001579bbd0000), size 12386304, SharedBaseAddress: 0x000001579b000000, ArchiveRelocationMode: 1.
Compressed class space mapped at: 0x000001579c000000-0x00000157b6000000, reserved size: 436207616
Narrow klass base: 0x000001579b000000, Narrow klass shift: 0, Narrow klass range: 0x100000000

GC Precious Log:
 CPUs: 4 total, 4 available
 Memory: 6078M
 Large Page Support: Disabled
 NUMA Support: Disabled
 Compressed Oops: Enabled (32-bit)
 Heap Region Size: 1M
 Heap Min Capacity: 8M
 Heap Initial Capacity: 96M
 Heap Max Capacity: 2G
 Pre-touch: Disabled
 Parallel Workers: 4
 Concurrent Workers: 1
 Concurrent Refinement Workers: 4
 Periodic GC: Disabled

Heap:
 garbage-first heap   total 260096K, used 169177K [0x0000000080000000, 0x0000000100000000)
  region size 1024K, 52 young (53248K), 10 survivors (10240K)
 Metaspace       used 101653K, committed 102656K, reserved 557056K
  class space    used 14100K, committed 14592K, reserved 425984K

Heap Regions: E=young(eden), S=young(survivor), O=old, HS=humongous(starts), HC=humongous(continues), CS=collection set, F=free, OA=open archive, CA=closed archive, TAMS=top-at-mark-start (previous, next)
|   0|0x0000000080000000, 0x0000000080100000, 0x0000000080100000|100%|HS|  |TAMS 0x0000000080100000, 0x0000000080000000| Complete 
|   1|0x0000000080100000, 0x0000000080200000, 0x0000000080200000|100%|HC|  |TAMS 0x0000000080200000, 0x0000000080100000| Complete 
|   2|0x0000000080200000, 0x0000000080300000, 0x0000000080300000|100%|HC|  |TAMS 0x0000000080300000, 0x0000000080200000| Complete 
|   3|0x0000000080300000, 0x0000000080400000, 0x0000000080400000|100%|HC|  |TAMS 0x0000000080400000, 0x0000000080300000| Complete 
|   4|0x0000000080400000, 0x0000000080500000, 0x0000000080500000|100%| O|  |TAMS 0x0000000080500000, 0x0000000080400000| Untracked 
|   5|0x0000000080500000, 0x0000000080600000, 0x0000000080600000|100%| O|  |TAMS 0x0000000080600000, 0x0000000080500000| Untracked 
|   6|0x0000000080600000, 0x0000000080700000, 0x0000000080700000|100%| O|  |TAMS 0x0000000080700000, 0x0000000080600000| Untracked 
|   7|0x0000000080700000, 0x0000000080800000, 0x0000000080800000|100%| O|  |TAMS 0x0000000080800000, 0x0000000080700000| Untracked 
|   8|0x0000000080800000, 0x0000000080900000, 0x0000000080900000|100%|HS|  |TAMS 0x0000000080900000, 0x0000000080800000| Complete 
|   9|0x0000000080900000, 0x0000000080a00000, 0x0000000080a00000|100%| O|  |TAMS 0x0000000080a00000, 0x0000000080900000| Untracked 
|  10|0x0000000080a00000, 0x0000000080b00000, 0x0000000080b00000|100%| O|  |TAMS 0x0000000080b00000, 0x0000000080a00000| Untracked 
|  11|0x0000000080b00000, 0x0000000080c00000, 0x0000000080c00000|100%| O|  |TAMS 0x0000000080c00000, 0x0000000080b00000| Untracked 
|  12|0x0000000080c00000, 0x0000000080d00000, 0x0000000080d00000|100%| O|  |TAMS 0x0000000080d00000, 0x0000000080c00000| Untracked 
|  13|0x0000000080d00000, 0x0000000080e00000, 0x0000000080e00000|100%| O|  |TAMS 0x0000000080e00000, 0x0000000080d00000| Untracked 
|  14|0x0000000080e00000, 0x0000000080f00000, 0x0000000080f00000|100%| O|  |TAMS 0x0000000080f00000, 0x0000000080e00000| Untracked 
|  15|0x0000000080f00000, 0x0000000081000000, 0x0000000081000000|100%| O|  |TAMS 0x0000000081000000, 0x0000000080f00000| Untracked 
|  16|0x0000000081000000, 0x0000000081100000, 0x0000000081100000|100%| O|  |TAMS 0x0000000081100000, 0x0000000081000000| Untracked 
|  17|0x0000000081100000, 0x0000000081200000, 0x0000000081200000|100%| O|  |TAMS 0x0000000081200000, 0x0000000081100000| Untracked 
|  18|0x0000000081200000, 0x0000000081300000, 0x0000000081300000|100%| O|  |TAMS 0x0000000081300000, 0x0000000081200000| Untracked 
|  19|0x0000000081300000, 0x0000000081400000, 0x0000000081400000|100%| O|  |TAMS 0x0000000081400000, 0x0000000081300000| Untracked 
|  20|0x0000000081400000, 0x0000000081500000, 0x0000000081500000|100%| O|  |TAMS 0x0000000081500000, 0x0000000081400000| Untracked 
|  21|0x0000000081500000, 0x0000000081600000, 0x0000000081600000|100%| O|  |TAMS 0x0000000081600000, 0x0000000081500000| Untracked 
|  22|0x0000000081600000, 0x0000000081700000, 0x0000000081700000|100%| O|  |TAMS 0x0000000081700000, 0x0000000081600000| Untracked 
|  23|0x0000000081700000, 0x0000000081800000, 0x0000000081800000|100%| O|  |TAMS 0x0000000081800000, 0x0000000081700000| Untracked 
|  24|0x0000000081800000, 0x0000000081900000, 0x0000000081900000|100%| O|  |TAMS 0x0000000081900000, 0x0000000081800000| Untracked 
|  25|0x0000000081900000, 0x0000000081a00000, 0x0000000081a00000|100%| O|  |TAMS 0x0000000081a00000, 0x0000000081900000| Untracked 
|  26|0x0000000081a00000, 0x0000000081b00000, 0x0000000081b00000|100%| O|  |TAMS 0x0000000081b00000, 0x0000000081a00000| Untracked 
|  27|0x0000000081b00000, 0x0000000081c00000, 0x0000000081c00000|100%|HS|  |TAMS 0x0000000081b00000, 0x0000000081b00000| Complete 
|  28|0x0000000081c00000, 0x0000000081d00000, 0x0000000081d00000|100%| O|  |TAMS 0x0000000081d00000, 0x0000000081c00000| Untracked 
|  29|0x0000000081d00000, 0x0000000081e00000, 0x0000000081e00000|100%| O|  |TAMS 0x0000000081e00000, 0x0000000081d00000| Untracked 
|  30|0x0000000081e00000, 0x0000000081f00000, 0x0000000081f00000|100%| O|  |TAMS 0x0000000081f00000, 0x0000000081e00000| Untracked 
|  31|0x0000000081f00000, 0x0000000082000000, 0x0000000082000000|100%| O|  |TAMS 0x0000000082000000, 0x0000000081f00000| Untracked 
|  32|0x0000000082000000, 0x0000000082100000, 0x0000000082100000|100%| O|  |TAMS 0x0000000082100000, 0x0000000082000000| Untracked 
|  33|0x0000000082100000, 0x0000000082200000, 0x0000000082200000|100%| O|  |TAMS 0x0000000082200000, 0x0000000082100000| Untracked 
|  34|0x0000000082200000, 0x0000000082300000, 0x0000000082300000|100%| O|  |TAMS 0x0000000082300000, 0x0000000082200000| Untracked 
|  35|0x0000000082300000, 0x0000000082400000, 0x0000000082400000|100%| O|  |TAMS 0x0000000082400000, 0x0000000082300000| Untracked 
|  36|0x0000000082400000, 0x0000000082500000, 0x0000000082500000|100%| O|  |TAMS 0x0000000082500000, 0x0000000082400000| Untracked 
|  37|0x0000000082500000, 0x0000000082600000, 0x0000000082600000|100%| O|  |TAMS 0x0000000082600000, 0x0000000082500000| Untracked 
|  38|0x0000000082600000, 0x0000000082700000, 0x0000000082700000|100%| O|  |TAMS 0x0000000082700000, 0x0000000082600000| Untracked 
|  39|0x0000000082700000, 0x0000000082800000, 0x0000000082800000|100%| O|  |TAMS 0x0000000082800000, 0x0000000082700000| Untracked 
|  40|0x0000000082800000, 0x0000000082900000, 0x0000000082900000|100%| O|  |TAMS 0x0000000082900000, 0x0000000082800000| Untracked 
|  41|0x0000000082900000, 0x0000000082a00000, 0x0000000082a00000|100%| O|  |TAMS 0x0000000082a00000, 0x0000000082900000| Untracked 
|  42|0x0000000082a00000, 0x0000000082b00000, 0x0000000082b00000|100%| O|  |TAMS 0x0000000082b00000, 0x0000000082a00000| Untracked 
|  43|0x0000000082b00000, 0x0000000082c00000, 0x0000000082c00000|100%| O|  |TAMS 0x0000000082c00000, 0x0000000082b00000| Untracked 
|  44|0x0000000082c00000, 0x0000000082d00000, 0x0000000082d00000|100%| O|  |TAMS 0x0000000082d00000, 0x0000000082c00000| Untracked 
|  45|0x0000000082d00000, 0x0000000082e00000, 0x0000000082e00000|100%| O|  |TAMS 0x0000000082e00000, 0x0000000082d00000| Untracked 
|  46|0x0000000082e00000, 0x0000000082f00000, 0x0000000082f00000|100%| O|  |TAMS 0x0000000082f00000, 0x0000000082e00000| Untracked 
|  47|0x0000000082f00000, 0x0000000083000000, 0x0000000083000000|100%|HS|  |TAMS 0x0000000083000000, 0x0000000082f00000| Complete 
|  48|0x0000000083000000, 0x0000000083100000, 0x0000000083100000|100%|HC|  |TAMS 0x0000000083100000, 0x0000000083000000| Complete 
|  49|0x0000000083100000, 0x0000000083200000, 0x0000000083200000|100%|HS|  |TAMS 0x0000000083200000, 0x0000000083100000| Complete 
|  50|0x0000000083200000, 0x0000000083300000, 0x0000000083300000|100%|HC|  |TAMS 0x0000000083300000, 0x0000000083200000| Complete 
|  51|0x0000000083300000, 0x0000000083400000, 0x0000000083400000|100%| O|  |TAMS 0x0000000083400000, 0x0000000083300000| Untracked 
|  52|0x0000000083400000, 0x0000000083500000, 0x0000000083500000|100%| O|  |TAMS 0x0000000083500000, 0x0000000083400000| Untracked 
|  53|0x0000000083500000, 0x0000000083600000, 0x0000000083600000|100%| O|  |TAMS 0x0000000083500000, 0x0000000083500000| Untracked 
|  54|0x0000000083600000, 0x0000000083700000, 0x0000000083700000|100%| O|  |TAMS 0x0000000083700000, 0x0000000083600000| Untracked 
|  55|0x0000000083700000, 0x0000000083800000, 0x0000000083800000|100%|HS|  |TAMS 0x0000000083800000, 0x0000000083700000| Complete 
|  56|0x0000000083800000, 0x0000000083900000, 0x0000000083900000|100%|HC|  |TAMS 0x0000000083900000, 0x0000000083800000| Complete 
|  57|0x0000000083900000, 0x0000000083a00000, 0x0000000083a00000|100%|HC|  |TAMS 0x0000000083a00000, 0x0000000083900000| Complete 
|  58|0x0000000083a00000, 0x0000000083b00000, 0x0000000083b00000|100%|HC|  |TAMS 0x0000000083b00000, 0x0000000083a00000| Complete 
|  59|0x0000000083b00000, 0x0000000083c00000, 0x0000000083c00000|100%|HS|  |TAMS 0x0000000083c00000, 0x0000000083b00000| Complete 
|  60|0x0000000083c00000, 0x0000000083d00000, 0x0000000083d00000|100%|HC|  |TAMS 0x0000000083d00000, 0x0000000083c00000| Complete 
|  61|0x0000000083d00000, 0x0000000083e00000, 0x0000000083e00000|100%|HC|  |TAMS 0x0000000083e00000, 0x0000000083d00000| Complete 
|  62|0x0000000083e00000, 0x0000000083f00000, 0x0000000083f00000|100%|HC|  |TAMS 0x0000000083f00000, 0x0000000083e00000| Complete 
|  63|0x0000000083f00000, 0x0000000084000000, 0x0000000084000000|100%| O|  |TAMS 0x0000000084000000, 0x0000000083f00000| Untracked 
|  64|0x0000000084000000, 0x0000000084100000, 0x0000000084100000|100%| O|  |TAMS 0x0000000084100000, 0x0000000084000000| Untracked 
|  65|0x0000000084100000, 0x0000000084200000, 0x0000000084200000|100%| O|  |TAMS 0x0000000084200000, 0x0000000084100000| Untracked 
|  66|0x0000000084200000, 0x0000000084300000, 0x0000000084300000|100%| O|  |TAMS 0x0000000084300000, 0x0000000084200000| Untracked 
|  67|0x0000000084300000, 0x0000000084400000, 0x0000000084400000|100%| O|  |TAMS 0x0000000084400000, 0x0000000084300000| Untracked 
|  68|0x0000000084400000, 0x0000000084500000, 0x0000000084500000|100%| O|  |TAMS 0x0000000084500000, 0x0000000084400000| Untracked 
|  69|0x0000000084500000, 0x0000000084600000, 0x0000000084600000|100%| O|  |TAMS 0x0000000084600000, 0x0000000084500000| Untracked 
|  70|0x0000000084600000, 0x0000000084700000, 0x0000000084700000|100%| O|  |TAMS 0x0000000084700000, 0x0000000084600000| Untracked 
|  71|0x0000000084700000, 0x0000000084800000, 0x0000000084800000|100%| O|  |TAMS 0x0000000084784800, 0x0000000084700000| Untracked 
|  72|0x0000000084800000, 0x0000000084900000, 0x0000000084900000|100%| O|  |TAMS 0x0000000084800000, 0x0000000084800000| Untracked 
|  73|0x0000000084900000, 0x0000000084a00000, 0x0000000084a00000|100%| O|  |TAMS 0x0000000084900000, 0x0000000084900000| Untracked 
|  74|0x0000000084a00000, 0x0000000084b00000, 0x0000000084b00000|100%| O|  |TAMS 0x0000000084a00000, 0x0000000084a00000| Untracked 
|  75|0x0000000084b00000, 0x0000000084c00000, 0x0000000084c00000|100%| O|  |TAMS 0x0000000084b00000, 0x0000000084b00000| Untracked 
|  76|0x0000000084c00000, 0x0000000084d00000, 0x0000000084d00000|100%|HS|  |TAMS 0x0000000084c00000, 0x0000000084c00000| Complete 
|  77|0x0000000084d00000, 0x0000000084e00000, 0x0000000084e00000|100%|HS|  |TAMS 0x0000000084d00000, 0x0000000084d00000| Complete 
|  78|0x0000000084e00000, 0x0000000084f00000, 0x0000000084f00000|100%|HS|  |TAMS 0x0000000084e00000, 0x0000000084e00000| Complete 
|  79|0x0000000084f00000, 0x0000000085000000, 0x0000000085000000|100%| O|  |TAMS 0x0000000084f00000, 0x0000000084f00000| Untracked 
|  80|0x0000000085000000, 0x0000000085100000, 0x0000000085100000|100%|HS|  |TAMS 0x0000000085000000, 0x0000000085000000| Complete 
|  81|0x0000000085100000, 0x0000000085200000, 0x0000000085200000|100%|HS|  |TAMS 0x0000000085100000, 0x0000000085100000| Complete 
|  82|0x0000000085200000, 0x0000000085300000, 0x0000000085300000|100%| O|  |TAMS 0x0000000085200000, 0x0000000085200000| Untracked 
|  83|0x0000000085300000, 0x0000000085400000, 0x0000000085400000|100%| O|  |TAMS 0x0000000085300000, 0x0000000085300000| Untracked 
|  84|0x0000000085400000, 0x0000000085500000, 0x0000000085500000|100%| O|  |TAMS 0x0000000085400000, 0x0000000085400000| Untracked 
|  85|0x0000000085500000, 0x0000000085600000, 0x0000000085600000|100%| O|  |TAMS 0x0000000085500000, 0x0000000085500000| Untracked 
|  86|0x0000000085600000, 0x0000000085700000, 0x0000000085700000|100%| O|  |TAMS 0x0000000085600000, 0x0000000085600000| Untracked 
|  87|0x0000000085700000, 0x0000000085800000, 0x0000000085800000|100%| O|  |TAMS 0x0000000085700000, 0x0000000085700000| Untracked 
|  88|0x0000000085800000, 0x0000000085900000, 0x0000000085900000|100%| O|  |TAMS 0x0000000085800000, 0x0000000085800000| Untracked 
|  89|0x0000000085900000, 0x0000000085a00000, 0x0000000085a00000|100%|HS|  |TAMS 0x0000000085900000, 0x0000000085900000| Complete 
|  90|0x0000000085a00000, 0x0000000085b00000, 0x0000000085b00000|100%|HC|  |TAMS 0x0000000085a00000, 0x0000000085a00000| Complete 
|  91|0x0000000085b00000, 0x0000000085c00000, 0x0000000085c00000|100%| O|  |TAMS 0x0000000085b00000, 0x0000000085b00000| Untracked 
|  92|0x0000000085c00000, 0x0000000085d00000, 0x0000000085d00000|100%|HS|  |TAMS 0x0000000085c00000, 0x0000000085c00000| Complete 
|  93|0x0000000085d00000, 0x0000000085e00000, 0x0000000085e00000|100%| O|  |TAMS 0x0000000085d00000, 0x0000000085d00000| Untracked 
|  94|0x0000000085e00000, 0x0000000085f00000, 0x0000000085f00000|100%| O|  |TAMS 0x0000000085e00000, 0x0000000085e00000| Untracked 
|  95|0x0000000085f00000, 0x0000000086000000, 0x0000000086000000|100%| O|  |TAMS 0x0000000085f00000, 0x0000000085f00000| Untracked 
|  96|0x0000000086000000, 0x0000000086100000, 0x0000000086100000|100%| O|  |TAMS 0x0000000086000000, 0x0000000086000000| Untracked 
|  97|0x0000000086100000, 0x0000000086200000, 0x0000000086200000|100%| O|  |TAMS 0x0000000086100000, 0x0000000086100000| Untracked 
|  98|0x0000000086200000, 0x0000000086300000, 0x0000000086300000|100%| O|  |TAMS 0x0000000086200000, 0x0000000086200000| Untracked 
|  99|0x0000000086300000, 0x0000000086400000, 0x0000000086400000|100%| O|  |TAMS 0x0000000086300000, 0x0000000086300000| Untracked 
| 100|0x0000000086400000, 0x0000000086500000, 0x0000000086500000|100%| O|  |TAMS 0x0000000086400000, 0x0000000086400000| Untracked 
| 101|0x0000000086500000, 0x0000000086600000, 0x0000000086600000|100%| O|  |TAMS 0x0000000086500000, 0x0000000086500000| Untracked 
| 102|0x0000000086600000, 0x0000000086700000, 0x0000000086700000|100%| O|  |TAMS 0x0000000086600000, 0x0000000086600000| Untracked 
| 103|0x0000000086700000, 0x0000000086800000, 0x0000000086800000|100%| O|  |TAMS 0x0000000086700000, 0x0000000086700000| Untracked 
| 104|0x0000000086800000, 0x0000000086900000, 0x0000000086900000|100%| O|  |TAMS 0x0000000086800000, 0x0000000086800000| Untracked 
| 105|0x0000000086900000, 0x0000000086a00000, 0x0000000086a00000|100%| O|  |TAMS 0x0000000086900000, 0x0000000086900000| Untracked 
| 106|0x0000000086a00000, 0x0000000086b00000, 0x0000000086b00000|100%| O|  |TAMS 0x0000000086a00000, 0x0000000086a00000| Untracked 
| 107|0x0000000086b00000, 0x0000000086c00000, 0x0000000086c00000|100%| O|  |TAMS 0x0000000086b00000, 0x0000000086b00000| Untracked 
| 108|0x0000000086c00000, 0x0000000086d00000, 0x0000000086d00000|100%| O|  |TAMS 0x0000000086c00000, 0x0000000086c00000| Untracked 
| 109|0x0000000086d00000, 0x0000000086e00000, 0x0000000086e00000|100%| O|  |TAMS 0x0000000086d00000, 0x0000000086d00000| Untracked 
| 110|0x0000000086e00000, 0x0000000086f00000, 0x0000000086f00000|100%| O|  |TAMS 0x0000000086e00000, 0x0000000086e00000| Untracked 
| 111|0x0000000086f00000, 0x0000000087000000, 0x0000000087000000|100%| O|  |TAMS 0x0000000086f00000, 0x0000000086f00000| Untracked 
| 112|0x0000000087000000, 0x0000000087100000, 0x0000000087100000|100%| O|  |TAMS 0x0000000087000000, 0x0000000087000000| Untracked 
| 113|0x0000000087100000, 0x0000000087200000, 0x0000000087200000|100%| O|  |TAMS 0x0000000087100000, 0x0000000087100000| Untracked 
| 114|0x0000000087200000, 0x0000000087300000, 0x0000000087300000|100%| O|  |TAMS 0x0000000087200000, 0x0000000087200000| Untracked 
| 115|0x0000000087300000, 0x0000000087336400, 0x0000000087400000| 21%| O|  |TAMS 0x0000000087300000, 0x0000000087300000| Untracked 
| 116|0x0000000087400000, 0x0000000087400000, 0x0000000087500000|  0%| F|  |TAMS 0x0000000087400000, 0x0000000087400000| Untracked 
| 117|0x0000000087500000, 0x0000000087500000, 0x0000000087600000|  0%| F|  |TAMS 0x0000000087500000, 0x0000000087500000| Untracked 
| 118|0x0000000087600000, 0x0000000087600000, 0x0000000087700000|  0%| F|  |TAMS 0x0000000087600000, 0x0000000087600000| Untracked 
| 119|0x0000000087700000, 0x0000000087700000, 0x0000000087800000|  0%| F|  |TAMS 0x0000000087700000, 0x0000000087700000| Untracked 
| 120|0x0000000087800000, 0x0000000087800000, 0x0000000087900000|  0%| F|  |TAMS 0x0000000087800000, 0x0000000087800000| Untracked 
| 121|0x0000000087900000, 0x0000000087900000, 0x0000000087a00000|  0%| F|  |TAMS 0x0000000087900000, 0x0000000087900000| Untracked 
| 122|0x0000000087a00000, 0x0000000087a00000, 0x0000000087b00000|  0%| F|  |TAMS 0x0000000087a00000, 0x0000000087a00000| Untracked 
| 123|0x0000000087b00000, 0x0000000087b00000, 0x0000000087c00000|  0%| F|  |TAMS 0x0000000087b00000, 0x0000000087b00000| Untracked 
| 124|0x0000000087c00000, 0x0000000087c00000, 0x0000000087d00000|  0%| F|  |TAMS 0x0000000087c00000, 0x0000000087c00000| Untracked 
| 125|0x0000000087d00000, 0x0000000087d00000, 0x0000000087e00000|  0%| F|  |TAMS 0x0000000087d00000, 0x0000000087d00000| Untracked 
| 126|0x0000000087e00000, 0x0000000087e00000, 0x0000000087f00000|  0%| F|  |TAMS 0x0000000087e00000, 0x0000000087e00000| Untracked 
| 127|0x0000000087f00000, 0x0000000087f00000, 0x0000000088000000|  0%| F|  |TAMS 0x0000000087f00000, 0x0000000087f00000| Untracked 
| 128|0x0000000088000000, 0x0000000088000000, 0x0000000088100000|  0%| F|  |TAMS 0x0000000088000000, 0x0000000088000000| Untracked 
| 129|0x0000000088100000, 0x0000000088100000, 0x0000000088200000|  0%| F|  |TAMS 0x0000000088100000, 0x0000000088100000| Untracked 
| 130|0x0000000088200000, 0x0000000088200000, 0x0000000088300000|  0%| F|  |TAMS 0x0000000088200000, 0x0000000088200000| Untracked 
| 131|0x0000000088300000, 0x0000000088300000, 0x0000000088400000|  0%| F|  |TAMS 0x0000000088300000, 0x0000000088300000| Untracked 
| 132|0x0000000088400000, 0x0000000088400000, 0x0000000088500000|  0%| F|  |TAMS 0x0000000088400000, 0x0000000088400000| Untracked 
| 133|0x0000000088500000, 0x0000000088500000, 0x0000000088600000|  0%| F|  |TAMS 0x0000000088500000, 0x0000000088500000| Untracked 
| 134|0x0000000088600000, 0x0000000088600000, 0x0000000088700000|  0%| F|  |TAMS 0x0000000088600000, 0x0000000088600000| Untracked 
| 135|0x0000000088700000, 0x0000000088700000, 0x0000000088800000|  0%| F|  |TAMS 0x0000000088700000, 0x0000000088700000| Untracked 
| 136|0x0000000088800000, 0x0000000088800000, 0x0000000088900000|  0%| F|  |TAMS 0x0000000088800000, 0x0000000088800000| Untracked 
| 137|0x0000000088900000, 0x0000000088900000, 0x0000000088a00000|  0%| F|  |TAMS 0x0000000088900000, 0x0000000088900000| Untracked 
| 138|0x0000000088a00000, 0x0000000088a00000, 0x0000000088b00000|  0%| F|  |TAMS 0x0000000088a00000, 0x0000000088a00000| Untracked 
| 139|0x0000000088b00000, 0x0000000088b00000, 0x0000000088c00000|  0%| F|  |TAMS 0x0000000088b00000, 0x0000000088b00000| Untracked 
| 140|0x0000000088c00000, 0x0000000088c00000, 0x0000000088d00000|  0%| F|  |TAMS 0x0000000088c00000, 0x0000000088c00000| Untracked 
| 141|0x0000000088d00000, 0x0000000088d00000, 0x0000000088e00000|  0%| F|  |TAMS 0x0000000088d00000, 0x0000000088d00000| Untracked 
| 142|0x0000000088e00000, 0x0000000088e00000, 0x0000000088f00000|  0%| F|  |TAMS 0x0000000088e00000, 0x0000000088e00000| Untracked 
| 143|0x0000000088f00000, 0x0000000088f00000, 0x0000000089000000|  0%| F|  |TAMS 0x0000000088f00000, 0x0000000088f00000| Untracked 
| 144|0x0000000089000000, 0x0000000089000000, 0x0000000089100000|  0%| F|  |TAMS 0x0000000089000000, 0x0000000089000000| Untracked 
| 145|0x0000000089100000, 0x0000000089100000, 0x0000000089200000|  0%| F|  |TAMS 0x0000000089100000, 0x0000000089100000| Untracked 
| 146|0x0000000089200000, 0x0000000089200000, 0x0000000089300000|  0%| F|  |TAMS 0x0000000089200000, 0x0000000089200000| Untracked 
| 147|0x0000000089300000, 0x0000000089300000, 0x0000000089400000|  0%| F|  |TAMS 0x0000000089300000, 0x0000000089300000| Untracked 
| 148|0x0000000089400000, 0x0000000089400000, 0x0000000089500000|  0%| F|  |TAMS 0x0000000089400000, 0x0000000089400000| Untracked 
| 149|0x0000000089500000, 0x0000000089500000, 0x0000000089600000|  0%| F|  |TAMS 0x0000000089500000, 0x0000000089500000| Untracked 
| 150|0x0000000089600000, 0x0000000089600000, 0x0000000089700000|  0%| F|  |TAMS 0x0000000089600000, 0x0000000089600000| Untracked 
| 151|0x0000000089700000, 0x0000000089700000, 0x0000000089800000|  0%| F|  |TAMS 0x0000000089700000, 0x0000000089700000| Untracked 
| 152|0x0000000089800000, 0x0000000089900000, 0x0000000089900000|100%| S|CS|TAMS 0x0000000089800000, 0x0000000089800000| Complete 
| 153|0x0000000089900000, 0x0000000089a00000, 0x0000000089a00000|100%| S|CS|TAMS 0x0000000089900000, 0x0000000089900000| Complete 
| 154|0x0000000089a00000, 0x0000000089b00000, 0x0000000089b00000|100%| S|CS|TAMS 0x0000000089a00000, 0x0000000089a00000| Complete 
| 155|0x0000000089b00000, 0x0000000089c00000, 0x0000000089c00000|100%| S|CS|TAMS 0x0000000089b00000, 0x0000000089b00000| Complete 
| 156|0x0000000089c00000, 0x0000000089d00000, 0x0000000089d00000|100%| S|CS|TAMS 0x0000000089c00000, 0x0000000089c00000| Complete 
| 157|0x0000000089d00000, 0x0000000089d00000, 0x0000000089e00000|  0%| F|  |TAMS 0x0000000089d00000, 0x0000000089d00000| Untracked 
| 158|0x0000000089e00000, 0x0000000089e00000, 0x0000000089f00000|  0%| F|  |TAMS 0x0000000089e00000, 0x0000000089e00000| Untracked 
| 159|0x0000000089f00000, 0x000000008a000000, 0x000000008a000000|100%| S|CS|TAMS 0x0000000089f00000, 0x0000000089f00000| Complete 
| 160|0x000000008a000000, 0x000000008a100000, 0x000000008a100000|100%| S|CS|TAMS 0x000000008a000000, 0x000000008a000000| Complete 
| 161|0x000000008a100000, 0x000000008a100000, 0x000000008a200000|  0%| F|  |TAMS 0x000000008a100000, 0x000000008a100000| Untracked 
| 162|0x000000008a200000, 0x000000008a200000, 0x000000008a300000|  0%| F|  |TAMS 0x000000008a200000, 0x000000008a200000| Untracked 
| 163|0x000000008a300000, 0x000000008a400000, 0x000000008a400000|100%| S|CS|TAMS 0x000000008a300000, 0x000000008a300000| Complete 
| 164|0x000000008a400000, 0x000000008a500000, 0x000000008a500000|100%| S|CS|TAMS 0x000000008a400000, 0x000000008a400000| Complete 
| 165|0x000000008a500000, 0x000000008a600000, 0x000000008a600000|100%| S|CS|TAMS 0x000000008a500000, 0x000000008a500000| Complete 
| 166|0x000000008a600000, 0x000000008a600000, 0x000000008a700000|  0%| F|  |TAMS 0x000000008a600000, 0x000000008a600000| Untracked 
| 167|0x000000008a700000, 0x000000008a700000, 0x000000008a800000|  0%| F|  |TAMS 0x000000008a700000, 0x000000008a700000| Untracked 
| 168|0x000000008a800000, 0x000000008a800000, 0x000000008a900000|  0%| F|  |TAMS 0x000000008a800000, 0x000000008a800000| Untracked 
| 169|0x000000008a900000, 0x000000008a900000, 0x000000008aa00000|  0%| F|  |TAMS 0x000000008a900000, 0x000000008a900000| Untracked 
| 170|0x000000008aa00000, 0x000000008aa00000, 0x000000008ab00000|  0%| F|  |TAMS 0x000000008aa00000, 0x000000008aa00000| Untracked 
| 171|0x000000008ab00000, 0x000000008ab00000, 0x000000008ac00000|  0%| F|  |TAMS 0x000000008ab00000, 0x000000008ab00000| Untracked 
| 172|0x000000008ac00000, 0x000000008ac00000, 0x000000008ad00000|  0%| F|  |TAMS 0x000000008ac00000, 0x000000008ac00000| Untracked 
| 173|0x000000008ad00000, 0x000000008ad00000, 0x000000008ae00000|  0%| F|  |TAMS 0x000000008ad00000, 0x000000008ad00000| Untracked 
| 174|0x000000008ae00000, 0x000000008ae00000, 0x000000008af00000|  0%| F|  |TAMS 0x000000008ae00000, 0x000000008ae00000| Untracked 
| 175|0x000000008af00000, 0x000000008af00000, 0x000000008b000000|  0%| F|  |TAMS 0x000000008af00000, 0x000000008af00000| Untracked 
| 176|0x000000008b000000, 0x000000008b000000, 0x000000008b100000|  0%| F|  |TAMS 0x000000008b000000, 0x000000008b000000| Untracked 
| 177|0x000000008b100000, 0x000000008b100000, 0x000000008b200000|  0%| F|  |TAMS 0x000000008b100000, 0x000000008b100000| Untracked 
| 178|0x000000008b200000, 0x000000008b200000, 0x000000008b300000|  0%| F|  |TAMS 0x000000008b200000, 0x000000008b200000| Untracked 
| 179|0x000000008b300000, 0x000000008b300000, 0x000000008b400000|  0%| F|  |TAMS 0x000000008b300000, 0x000000008b300000| Untracked 
| 180|0x000000008b400000, 0x000000008b400000, 0x000000008b500000|  0%| F|  |TAMS 0x000000008b400000, 0x000000008b400000| Untracked 
| 181|0x000000008b500000, 0x000000008b500000, 0x000000008b600000|  0%| F|  |TAMS 0x000000008b500000, 0x000000008b500000| Untracked 
| 182|0x000000008b600000, 0x000000008b600000, 0x000000008b700000|  0%| F|  |TAMS 0x000000008b600000, 0x000000008b600000| Untracked 
| 183|0x000000008b700000, 0x000000008b700000, 0x000000008b800000|  0%| F|  |TAMS 0x000000008b700000, 0x000000008b700000| Untracked 
| 184|0x000000008b800000, 0x000000008b800000, 0x000000008b900000|  0%| F|  |TAMS 0x000000008b800000, 0x000000008b800000| Untracked 
| 185|0x000000008b900000, 0x000000008b900000, 0x000000008ba00000|  0%| F|  |TAMS 0x000000008b900000, 0x000000008b900000| Untracked 
| 186|0x000000008ba00000, 0x000000008ba00000, 0x000000008bb00000|  0%| F|  |TAMS 0x000000008ba00000, 0x000000008ba00000| Untracked 
| 187|0x000000008bb00000, 0x000000008bb00000, 0x000000008bc00000|  0%| F|  |TAMS 0x000000008bb00000, 0x000000008bb00000| Untracked 
| 188|0x000000008bc00000, 0x000000008bc00000, 0x000000008bd00000|  0%| F|  |TAMS 0x000000008bc00000, 0x000000008bc00000| Untracked 
| 189|0x000000008bd00000, 0x000000008bd00000, 0x000000008be00000|  0%| F|  |TAMS 0x000000008bd00000, 0x000000008bd00000| Untracked 
| 190|0x000000008be00000, 0x000000008be00000, 0x000000008bf00000|  0%| F|  |TAMS 0x000000008be00000, 0x000000008be00000| Untracked 
| 191|0x000000008bf00000, 0x000000008bf00000, 0x000000008c000000|  0%| F|  |TAMS 0x000000008bf00000, 0x000000008bf00000| Untracked 
| 192|0x000000008c000000, 0x000000008c000000, 0x000000008c100000|  0%| F|  |TAMS 0x000000008c000000, 0x000000008c000000| Untracked 
| 193|0x000000008c100000, 0x000000008c100000, 0x000000008c200000|  0%| F|  |TAMS 0x000000008c100000, 0x000000008c100000| Untracked 
| 194|0x000000008c200000, 0x000000008c200000, 0x000000008c300000|  0%| F|  |TAMS 0x000000008c200000, 0x000000008c200000| Untracked 
| 195|0x000000008c300000, 0x000000008c300000, 0x000000008c400000|  0%| F|  |TAMS 0x000000008c300000, 0x000000008c300000| Untracked 
| 196|0x000000008c400000, 0x000000008c400000, 0x000000008c500000|  0%| F|  |TAMS 0x000000008c400000, 0x000000008c400000| Untracked 
| 197|0x000000008c500000, 0x000000008c500000, 0x000000008c600000|  0%| F|  |TAMS 0x000000008c500000, 0x000000008c500000| Untracked 
| 198|0x000000008c600000, 0x000000008c600000, 0x000000008c700000|  0%| F|  |TAMS 0x000000008c600000, 0x000000008c600000| Untracked 
| 199|0x000000008c700000, 0x000000008c700000, 0x000000008c800000|  0%| F|  |TAMS 0x000000008c700000, 0x000000008c700000| Untracked 
| 200|0x000000008c800000, 0x000000008c800000, 0x000000008c900000|  0%| F|  |TAMS 0x000000008c800000, 0x000000008c800000| Untracked 
| 201|0x000000008c900000, 0x000000008c900000, 0x000000008ca00000|  0%| F|  |TAMS 0x000000008c900000, 0x000000008c900000| Untracked 
| 202|0x000000008ca00000, 0x000000008ca00000, 0x000000008cb00000|  0%| F|  |TAMS 0x000000008ca00000, 0x000000008ca00000| Untracked 
| 203|0x000000008cb00000, 0x000000008cb00000, 0x000000008cc00000|  0%| F|  |TAMS 0x000000008cb00000, 0x000000008cb00000| Untracked 
| 204|0x000000008cc00000, 0x000000008cc00000, 0x000000008cd00000|  0%| F|  |TAMS 0x000000008cc00000, 0x000000008cc00000| Untracked 
| 205|0x000000008cd00000, 0x000000008cd00000, 0x000000008ce00000|  0%| F|  |TAMS 0x000000008cd00000, 0x000000008cd00000| Untracked 
| 206|0x000000008ce00000, 0x000000008ce00000, 0x000000008cf00000|  0%| F|  |TAMS 0x000000008ce00000, 0x000000008ce00000| Untracked 
| 207|0x000000008cf00000, 0x000000008cf00000, 0x000000008d000000|  0%| F|  |TAMS 0x000000008cf00000, 0x000000008cf00000| Untracked 
| 208|0x000000008d000000, 0x000000008d000000, 0x000000008d100000|  0%| F|  |TAMS 0x000000008d000000, 0x000000008d000000| Untracked 
| 209|0x000000008d100000, 0x000000008d100000, 0x000000008d200000|  0%| F|  |TAMS 0x000000008d100000, 0x000000008d100000| Untracked 
| 210|0x000000008d200000, 0x000000008d216808, 0x000000008d300000|  8%| E|  |TAMS 0x000000008d200000, 0x000000008d200000| Complete 
| 211|0x000000008d300000, 0x000000008d400000, 0x000000008d400000|100%| E|CS|TAMS 0x000000008d300000, 0x000000008d300000| Complete 
| 212|0x000000008d400000, 0x000000008d500000, 0x000000008d500000|100%| E|CS|TAMS 0x000000008d400000, 0x000000008d400000| Complete 
| 213|0x000000008d500000, 0x000000008d600000, 0x000000008d600000|100%| E|CS|TAMS 0x000000008d500000, 0x000000008d500000| Complete 
| 214|0x000000008d600000, 0x000000008d700000, 0x000000008d700000|100%| E|CS|TAMS 0x000000008d600000, 0x000000008d600000| Complete 
| 215|0x000000008d700000, 0x000000008d800000, 0x000000008d800000|100%| E|CS|TAMS 0x000000008d700000, 0x000000008d700000| Complete 
| 216|0x000000008d800000, 0x000000008d900000, 0x000000008d900000|100%| E|CS|TAMS 0x000000008d800000, 0x000000008d800000| Complete 
| 217|0x000000008d900000, 0x000000008da00000, 0x000000008da00000|100%| E|CS|TAMS 0x000000008d900000, 0x000000008d900000| Complete 
| 218|0x000000008da00000, 0x000000008db00000, 0x000000008db00000|100%| E|CS|TAMS 0x000000008da00000, 0x000000008da00000| Complete 
| 219|0x000000008db00000, 0x000000008dc00000, 0x000000008dc00000|100%| E|CS|TAMS 0x000000008db00000, 0x000000008db00000| Complete 
| 220|0x000000008dc00000, 0x000000008dd00000, 0x000000008dd00000|100%| E|CS|TAMS 0x000000008dc00000, 0x000000008dc00000| Complete 
| 221|0x000000008dd00000, 0x000000008de00000, 0x000000008de00000|100%| E|CS|TAMS 0x000000008dd00000, 0x000000008dd00000| Complete 
| 222|0x000000008de00000, 0x000000008df00000, 0x000000008df00000|100%| E|CS|TAMS 0x000000008de00000, 0x000000008de00000| Complete 
| 223|0x000000008df00000, 0x000000008e000000, 0x000000008e000000|100%| E|CS|TAMS 0x000000008df00000, 0x000000008df00000| Complete 
| 224|0x000000008e000000, 0x000000008e100000, 0x000000008e100000|100%| E|CS|TAMS 0x000000008e000000, 0x000000008e000000| Complete 
| 225|0x000000008e100000, 0x000000008e200000, 0x000000008e200000|100%| E|CS|TAMS 0x000000008e100000, 0x000000008e100000| Complete 
| 226|0x000000008e200000, 0x000000008e300000, 0x000000008e300000|100%| E|CS|TAMS 0x000000008e200000, 0x000000008e200000| Complete 
| 227|0x000000008e300000, 0x000000008e400000, 0x000000008e400000|100%| E|CS|TAMS 0x000000008e300000, 0x000000008e300000| Complete 
| 228|0x000000008e400000, 0x000000008e500000, 0x000000008e500000|100%| E|CS|TAMS 0x000000008e400000, 0x000000008e400000| Complete 
| 229|0x000000008e500000, 0x000000008e600000, 0x000000008e600000|100%| E|CS|TAMS 0x000000008e500000, 0x000000008e500000| Complete 
| 230|0x000000008e600000, 0x000000008e700000, 0x000000008e700000|100%| E|CS|TAMS 0x000000008e600000, 0x000000008e600000| Complete 
| 231|0x000000008e700000, 0x000000008e800000, 0x000000008e800000|100%| E|CS|TAMS 0x000000008e700000, 0x000000008e700000| Complete 
| 232|0x000000008e800000, 0x000000008e900000, 0x000000008e900000|100%| E|CS|TAMS 0x000000008e800000, 0x000000008e800000| Complete 
| 233|0x000000008e900000, 0x000000008ea00000, 0x000000008ea00000|100%| E|CS|TAMS 0x000000008e900000, 0x000000008e900000| Complete 
| 234|0x000000008ea00000, 0x000000008eb00000, 0x000000008eb00000|100%| E|CS|TAMS 0x000000008ea00000, 0x000000008ea00000| Complete 
| 235|0x000000008eb00000, 0x000000008ec00000, 0x000000008ec00000|100%| E|CS|TAMS 0x000000008eb00000, 0x000000008eb00000| Complete 
| 236|0x000000008ec00000, 0x000000008ed00000, 0x000000008ed00000|100%| E|CS|TAMS 0x000000008ec00000, 0x000000008ec00000| Complete 
| 237|0x000000008ed00000, 0x000000008ee00000, 0x000000008ee00000|100%| E|CS|TAMS 0x000000008ed00000, 0x000000008ed00000| Complete 
| 238|0x000000008ee00000, 0x000000008ef00000, 0x000000008ef00000|100%| E|CS|TAMS 0x000000008ee00000, 0x000000008ee00000| Complete 
| 239|0x000000008ef00000, 0x000000008f000000, 0x000000008f000000|100%| E|CS|TAMS 0x000000008ef00000, 0x000000008ef00000| Complete 
| 240|0x000000008f000000, 0x000000008f100000, 0x000000008f100000|100%| E|CS|TAMS 0x000000008f000000, 0x000000008f000000| Complete 
| 241|0x000000008f100000, 0x000000008f200000, 0x000000008f200000|100%| E|CS|TAMS 0x000000008f100000, 0x000000008f100000| Complete 
| 242|0x000000008f200000, 0x000000008f300000, 0x000000008f300000|100%| E|CS|TAMS 0x000000008f200000, 0x000000008f200000| Complete 
| 243|0x000000008f300000, 0x000000008f400000, 0x000000008f400000|100%| E|CS|TAMS 0x000000008f300000, 0x000000008f300000| Complete 
| 244|0x000000008f400000, 0x000000008f500000, 0x000000008f500000|100%| E|CS|TAMS 0x000000008f400000, 0x000000008f400000| Complete 
| 245|0x000000008f500000, 0x000000008f600000, 0x000000008f600000|100%| E|CS|TAMS 0x000000008f500000, 0x000000008f500000| Complete 
| 246|0x000000008f600000, 0x000000008f700000, 0x000000008f700000|100%| E|CS|TAMS 0x000000008f600000, 0x000000008f600000| Complete 
| 247|0x000000008f700000, 0x000000008f800000, 0x000000008f800000|100%| E|CS|TAMS 0x000000008f700000, 0x000000008f700000| Complete 
| 248|0x000000008f800000, 0x000000008f900000, 0x000000008f900000|100%| E|CS|TAMS 0x000000008f800000, 0x000000008f800000| Complete 
| 249|0x000000008f900000, 0x000000008fa00000, 0x000000008fa00000|100%| E|CS|TAMS 0x000000008f900000, 0x000000008f900000| Complete 
| 250|0x000000008fa00000, 0x000000008fb00000, 0x000000008fb00000|100%| E|  |TAMS 0x000000008fa00000, 0x000000008fa00000| Complete 
| 251|0x000000008fb00000, 0x000000008fc00000, 0x000000008fc00000|100%| E|CS|TAMS 0x000000008fb00000, 0x000000008fb00000| Complete 
| 252|0x000000008fc00000, 0x000000008fd00000, 0x000000008fd00000|100%| E|CS|TAMS 0x000000008fc00000, 0x000000008fc00000| Complete 
| 253|0x000000008fd00000, 0x000000008fe00000, 0x000000008fe00000|100%| E|CS|TAMS 0x000000008fd00000, 0x000000008fd00000| Complete 

Card table byte_map: [0x00000157fcff0000,0x00000157fd3f0000] _byte_map_base: 0x00000157fcbf0000

Marking Bits (Prev, Next): (CMBitMap*) 0x00000157fcb950c0, (CMBitMap*) 0x00000157fcb95080
 Prev Bits: [0x0000015796a40000, 0x0000015798a40000)
 Next Bits: [0x00000157fd7f0000, 0x00000157ff7f0000)

Polling page: 0x00000157fa960000

Metaspace:

Usage:
  Non-class:     85.50 MB used.
      Class:     13.77 MB used.
       Both:     99.27 MB used.

Virtual space:
  Non-class space:      128.00 MB reserved,      86.00 MB ( 67%) committed,  2 nodes.
      Class space:      416.00 MB reserved,      14.25 MB (  3%) committed,  1 nodes.
             Both:      544.00 MB reserved,     100.25 MB ( 18%) committed. 

Chunk freelists:
   Non-Class:  9.67 MB
       Class:  1.58 MB
        Both:  11.25 MB

MaxMetaspaceSize: 512.00 MB
CompressedClassSpaceSize: 416.00 MB
Initial GC threshold: 21.00 MB
Current GC threshold: 122.31 MB
CDS: on
MetaspaceReclaimPolicy: balanced
 - commit_granule_bytes: 65536.
 - commit_granule_words: 8192.
 - virtual_space_node_default_size: 8388608.
 - enlarge_chunks_in_place: 1.
 - new_chunks_are_fully_committed: 0.
 - uncommit_free_chunks: 1.
 - use_allocation_guard: 0.
 - handle_deallocations: 1.


Internal statistics:

num_allocs_failed_limit: 9.
num_arena_births: 1292.
num_arena_deaths: 0.
num_vsnodes_births: 3.
num_vsnodes_deaths: 0.
num_space_committed: 1604.
num_space_uncommitted: 0.
num_chunks_returned_to_freelist: 9.
num_chunks_taken_from_freelist: 5595.
num_chunk_merges: 6.
num_chunk_splits: 3646.
num_chunks_enlarged: 2391.
num_inconsistent_stats: 0.

CodeHeap 'non-profiled nmethods': size=120000Kb used=7090Kb max_used=7090Kb free=112909Kb
 bounds [0x000001578f510000, 0x000001578fc00000, 0x0000015796a40000]
CodeHeap 'profiled nmethods': size=120000Kb used=22614Kb max_used=22614Kb free=97385Kb
 bounds [0x0000015787a40000, 0x0000015789060000, 0x000001578ef70000]
CodeHeap 'non-nmethods': size=5760Kb used=2450Kb max_used=2495Kb free=3309Kb
 bounds [0x000001578ef70000, 0x000001578f1f0000, 0x000001578f510000]
 total_blobs=12432 nmethods=11442 adapters=902
 compilation: enabled
              stopped_count=0, restarted_count=0
 full_count=0

Compilation events (20 events):
Event: 41.054 Thread 0x00000157ffcac990 nmethod 13155 0x000001578fbf8f90 code [0x000001578fbf9120, 0x000001578fbf9228]
Event: 41.054 Thread 0x00000157ffcac990 13154       4       org.gradle.internal.snapshot.AbstractFileSystemLocationSnapshot::getSnapshot (5 bytes)
Event: 41.055 Thread 0x00000157ffcac990 nmethod 13154 0x000001578fbf9390 code [0x000001578fbf9520, 0x000001578fbf95f8]
Event: 41.055 Thread 0x00000157ffcac990 13153       4       org.gradle.internal.service.scopes.GlobalScopeServices$$Lambda$206/0x000001579c231480::getCurrentTime (10 bytes)
Event: 41.058 Thread 0x00000157ffcac990 nmethod 13153 0x000001578fbf9690 code [0x000001578fbf9840, 0x000001578fbf9b48]
Event: 41.058 Thread 0x00000157ffcac990 13157       4       org.gradle.internal.time.DefaultCountdownTimer::hasExpired (15 bytes)
Event: 41.060 Thread 0x00000157ffcac990 nmethod 13157 0x000001578fbf9e90 code [0x000001578fbfa020, 0x000001578fbfa1f8]
Event: 41.066 Thread 0x00000157ffcb52b0 13158   !   3       java.util.concurrent.LinkedBlockingQueue::poll (128 bytes)
Event: 41.068 Thread 0x00000157ffcb52b0 nmethod 13158 0x0000015789051f90 code [0x0000015789052380, 0x00000157890540f8]
Event: 41.071 Thread 0x00000157ffcac990 13159       4       sun.nio.fs.WindowsNativeDispatcher::asNativeBuffer (103 bytes)
Event: 41.084 Thread 0x00000157ffcac990 nmethod 13159 0x000001578fbfa410 code [0x000001578fbfa600, 0x000001578fbfaeb0]
Event: 41.084 Thread 0x00000157ffcac990 13160   !   4       sun.nio.fs.WindowsPath::getPathForWin32Calls (135 bytes)
Event: 41.085 Thread 0x00000157ffcb52b0 13162       3       org.gradle.launcher.daemon.server.exec.DaemonConnectionBackedEventConsumer$ForwardEvents::moreMessagesToSend (35 bytes)
Event: 41.085 Thread 0x00000157ffcb52b0 nmethod 13162 0x0000015789054d90 code [0x0000015789054f40, 0x0000015789055208]
Event: 41.086 Thread 0x00000157ffcac990 nmethod 13160 0x000001578fbfb690 code [0x000001578fbfb820, 0x000001578fbfb918]
Event: 41.086 Thread 0x00000157ffcac990 13161       4       com.google.common.collect.ImmutableSortedMap$Builder::buildOrThrow (90 bytes)
Event: 41.088 Thread 0x00000157ffcb52b0 13165   !   3       org.gradle.launcher.daemon.server.exec.DaemonConnectionBackedEventConsumer$ForwardEvents::getNextEvent (27 bytes)
Event: 41.088 Thread 0x00000157ffcb52b0 nmethod 13165 0x0000015789055310 code [0x00000157890554c0, 0x0000015789055748]
Event: 41.095 Thread 0x00000157ffcac990 nmethod 13161 0x000001578fbfba90 code [0x000001578fbfbc60, 0x000001578fbfc4b8]
Event: 41.095 Thread 0x00000157ffcac990 13163       4       org.gradle.cache.internal.ExclusiveCacheAccessingWorker$$Lambda$546/0x000001579c49dec0::call (10 bytes)

GC Heap History (20 events):
Event: 21.801 GC heap before
{Heap before GC invocations=32 (full 0):
 garbage-first heap   total 126976K, used 102362K [0x0000000080000000, 0x0000000100000000)
  region size 1024K, 30 young (30720K), 1 survivors (1024K)
 Metaspace       used 74209K, committed 74944K, reserved 491520K
  class space    used 10364K, committed 10752K, reserved 425984K
}
Event: 21.807 GC heap after
{Heap after GC invocations=33 (full 0):
 garbage-first heap   total 126976K, used 74932K [0x0000000080000000, 0x0000000100000000)
  region size 1024K, 3 young (3072K), 3 survivors (3072K)
 Metaspace       used 74209K, committed 74944K, reserved 491520K
  class space    used 10364K, committed 10752K, reserved 425984K
}
Event: 25.008 GC heap before
{Heap before GC invocations=34 (full 0):
 garbage-first heap   total 130048K, used 102580K [0x0000000080000000, 0x0000000100000000)
  region size 1024K, 31 young (31744K), 3 survivors (3072K)
 Metaspace       used 76067K, committed 76864K, reserved 557056K
  class space    used 10717K, committed 11072K, reserved 425984K
}
Event: 25.019 GC heap after
{Heap after GC invocations=35 (full 0):
 garbage-first heap   total 260096K, used 78574K [0x0000000080000000, 0x0000000100000000)
  region size 1024K, 4 young (4096K), 4 survivors (4096K)
 Metaspace       used 76067K, committed 76864K, reserved 557056K
  class space    used 10717K, committed 11072K, reserved 425984K
}
Event: 25.191 GC heap before
{Heap before GC invocations=35 (full 0):
 garbage-first heap   total 260096K, used 85742K [0x0000000080000000, 0x0000000100000000)
  region size 1024K, 12 young (12288K), 4 survivors (4096K)
 Metaspace       used 76135K, committed 76864K, reserved 557056K
  class space    used 10718K, committed 11072K, reserved 425984K
}
Event: 25.196 GC heap after
{Heap after GC invocations=36 (full 0):
 garbage-first heap   total 260096K, used 78848K [0x0000000080000000, 0x0000000100000000)
  region size 1024K, 2 young (2048K), 2 survivors (2048K)
 Metaspace       used 76135K, committed 76864K, reserved 557056K
  class space    used 10718K, committed 11072K, reserved 425984K
}
Event: 29.663 GC heap before
{Heap before GC invocations=36 (full 0):
 garbage-first heap   total 260096K, used 191488K [0x0000000080000000, 0x0000000100000000)
  region size 1024K, 113 young (115712K), 2 survivors (2048K)
 Metaspace       used 78018K, committed 78848K, reserved 557056K
  class space    used 10903K, committed 11328K, reserved 425984K
}
Event: 29.689 GC heap after
{Heap after GC invocations=37 (full 0):
 garbage-first heap   total 260096K, used 85962K [0x0000000080000000, 0x0000000100000000)
  region size 1024K, 9 young (9216K), 9 survivors (9216K)
 Metaspace       used 78018K, committed 78848K, reserved 557056K
  class space    used 10903K, committed 11328K, reserved 425984K
}
Event: 31.868 GC heap before
{Heap before GC invocations=37 (full 0):
 garbage-first heap   total 260096K, used 200650K [0x0000000080000000, 0x0000000100000000)
  region size 1024K, 114 young (116736K), 9 survivors (9216K)
 Metaspace       used 79586K, committed 80448K, reserved 557056K
  class space    used 11101K, committed 11520K, reserved 425984K
}
Event: 31.888 GC heap after
{Heap after GC invocations=38 (full 0):
 garbage-first heap   total 260096K, used 99813K [0x0000000080000000, 0x0000000100000000)
  region size 1024K, 10 young (10240K), 10 survivors (10240K)
 Metaspace       used 79586K, committed 80448K, reserved 557056K
  class space    used 11101K, committed 11520K, reserved 425984K
}
Event: 33.382 GC heap before
{Heap before GC invocations=38 (full 0):
 garbage-first heap   total 260096K, used 204261K [0x0000000080000000, 0x0000000100000000)
  region size 1024K, 107 young (109568K), 10 survivors (10240K)
 Metaspace       used 86406K, committed 87424K, reserved 557056K
  class space    used 11863K, committed 12352K, reserved 425984K
}
Event: 33.398 GC heap after
{Heap after GC invocations=39 (full 0):
 garbage-first heap   total 260096K, used 107846K [0x0000000080000000, 0x0000000100000000)
  region size 1024K, 7 young (7168K), 7 survivors (7168K)
 Metaspace       used 86406K, committed 87424K, reserved 557056K
  class space    used 11863K, committed 12352K, reserved 425984K
}
Event: 35.242 GC heap before
{Heap before GC invocations=39 (full 0):
 garbage-first heap   total 260096K, used 207174K [0x0000000080000000, 0x0000000100000000)
  region size 1024K, 102 young (104448K), 7 survivors (7168K)
 Metaspace       used 91930K, committed 92928K, reserved 557056K
  class space    used 12632K, committed 13120K, reserved 425984K
}
Event: 35.267 GC heap after
{Heap after GC invocations=40 (full 0):
 garbage-first heap   total 260096K, used 113857K [0x0000000080000000, 0x0000000100000000)
  region size 1024K, 11 young (11264K), 11 survivors (11264K)
 Metaspace       used 91930K, committed 92928K, reserved 557056K
  class space    used 12632K, committed 13120K, reserved 425984K
}
Event: 37.078 GC heap before
{Heap before GC invocations=40 (full 0):
 garbage-first heap   total 260096K, used 210113K [0x0000000080000000, 0x0000000100000000)
  region size 1024K, 104 young (106496K), 11 survivors (11264K)
 Metaspace       used 96360K, committed 97344K, reserved 557056K
  class space    used 13265K, committed 13696K, reserved 425984K
}
Event: 37.092 GC heap after
{Heap after GC invocations=41 (full 0):
 garbage-first heap   total 260096K, used 118113K [0x0000000080000000, 0x0000000100000000)
  region size 1024K, 9 young (9216K), 9 survivors (9216K)
 Metaspace       used 96360K, committed 97344K, reserved 557056K
  class space    used 13265K, committed 13696K, reserved 425984K
}
Event: 39.399 GC heap before
{Heap before GC invocations=41 (full 0):
 garbage-first heap   total 260096K, used 211297K [0x0000000080000000, 0x0000000100000000)
  region size 1024K, 100 young (102400K), 9 survivors (9216K)
 Metaspace       used 101529K, committed 102528K, reserved 557056K
  class space    used 14096K, committed 14592K, reserved 425984K
}
Event: 39.415 GC heap after
{Heap after GC invocations=42 (full 0):
 garbage-first heap   total 260096K, used 123295K [0x0000000080000000, 0x0000000100000000)
  region size 1024K, 10 young (10240K), 10 survivors (10240K)
 Metaspace       used 101529K, committed 102528K, reserved 557056K
  class space    used 14096K, committed 14592K, reserved 425984K
}
Event: 40.845 GC heap before
{Heap before GC invocations=42 (full 0):
 garbage-first heap   total 260096K, used 212383K [0x0000000080000000, 0x0000000100000000)
  region size 1024K, 98 young (100352K), 10 survivors (10240K)
 Metaspace       used 101653K, committed 102656K, reserved 557056K
  class space    used 14100K, committed 14592K, reserved 425984K
}
Event: 40.865 GC heap after
{Heap after GC invocations=43 (full 0):
 garbage-first heap   total 260096K, used 128217K [0x0000000080000000, 0x0000000100000000)
  region size 1024K, 10 young (10240K), 10 survivors (10240K)
 Metaspace       used 101653K, committed 102656K, reserved 557056K
  class space    used 14100K, committed 14592K, reserved 425984K
}

Dll operation events (14 events):
Event: 0.132 Loaded shared library C:\Program Files\Microsoft\jdk-17.0.8.7-hotspot\bin\java.dll
Event: 0.150 Loaded shared library C:\Program Files\Microsoft\jdk-17.0.8.7-hotspot\bin\jsvml.dll
Event: 0.209 Loaded shared library C:\Program Files\Microsoft\jdk-17.0.8.7-hotspot\bin\zip.dll
Event: 0.215 Loaded shared library C:\Program Files\Microsoft\jdk-17.0.8.7-hotspot\bin\instrument.dll
Event: 0.222 Loaded shared library C:\Program Files\Microsoft\jdk-17.0.8.7-hotspot\bin\net.dll
Event: 0.224 Loaded shared library C:\Program Files\Microsoft\jdk-17.0.8.7-hotspot\bin\nio.dll
Event: 0.226 Loaded shared library C:\Program Files\Microsoft\jdk-17.0.8.7-hotspot\bin\zip.dll
Event: 0.581 Loaded shared library C:\Program Files\Microsoft\jdk-17.0.8.7-hotspot\bin\jimage.dll
Event: 0.832 Loaded shared library C:\Program Files\Microsoft\jdk-17.0.8.7-hotspot\bin\verify.dll
Event: 1.026 Loaded shared library C:\Users\maxi3\.gradle\native\c067742578af261105cb4f569cf0c3c89f3d7b1fecec35dd04571415982c5e48\windows-amd64\native-platform.dll
Event: 1.054 Loaded shared library C:\Users\maxi3\.gradle\native\100fb08df4bc3b14c8652ba06237920a3bd2aa13389f12d3474272988ae205f9\windows-amd64\native-platform-file-events.dll
Event: 2.767 Loaded shared library C:\Program Files\Microsoft\jdk-17.0.8.7-hotspot\bin\management.dll
Event: 2.769 Loaded shared library C:\Program Files\Microsoft\jdk-17.0.8.7-hotspot\bin\management_ext.dll
Event: 3.169 Loaded shared library C:\Program Files\Microsoft\jdk-17.0.8.7-hotspot\bin\sunmscapi.dll

Deoptimization events (20 events):
Event: 39.335 Thread 0x000001579ac00bf0 Uncommon trap: trap_request=0xffffffbe fr.pc=0x000001578fa54dd0 relative=0x0000000000000210
Event: 39.335 Thread 0x000001579ac00bf0 Uncommon trap: reason=profile_predicate action=maybe_recompile pc=0x000001578fa54dd0 method=java.util.Collections.indexedBinarySearch(Ljava/util/List;Ljava/lang/Object;Ljava/util/Comparator;)I @ 15 c2
Event: 39.335 Thread 0x000001579ac00bf0 DEOPT PACKING pc=0x000001578fa54dd0 sp=0x00000001023f8880
Event: 39.335 Thread 0x000001579ac00bf0 DEOPT UNPACKING pc=0x000001578efc69a3 sp=0x00000001023f8808 mode 2
Event: 39.349 Thread 0x000001579ac00bf0 Uncommon trap: trap_request=0xffffffbe fr.pc=0x000001578fa54dd0 relative=0x0000000000000210
Event: 39.349 Thread 0x000001579ac00bf0 Uncommon trap: reason=profile_predicate action=maybe_recompile pc=0x000001578fa54dd0 method=java.util.Collections.indexedBinarySearch(Ljava/util/List;Ljava/lang/Object;Ljava/util/Comparator;)I @ 15 c2
Event: 39.349 Thread 0x000001579ac00bf0 DEOPT PACKING pc=0x000001578fa54dd0 sp=0x00000001023f8880
Event: 39.349 Thread 0x000001579ac00bf0 DEOPT UNPACKING pc=0x000001578efc69a3 sp=0x00000001023f8808 mode 2
Event: 39.446 Thread 0x000001579ac00bf0 Uncommon trap: trap_request=0xffffffbe fr.pc=0x000001578fa54dd0 relative=0x0000000000000210
Event: 39.446 Thread 0x000001579ac00bf0 Uncommon trap: reason=profile_predicate action=maybe_recompile pc=0x000001578fa54dd0 method=java.util.Collections.indexedBinarySearch(Ljava/util/List;Ljava/lang/Object;Ljava/util/Comparator;)I @ 15 c2
Event: 39.446 Thread 0x000001579ac00bf0 DEOPT PACKING pc=0x000001578fa54dd0 sp=0x00000001023f8820
Event: 39.446 Thread 0x000001579ac00bf0 DEOPT UNPACKING pc=0x000001578efc69a3 sp=0x00000001023f87a8 mode 2
Event: 40.549 Thread 0x00000157bbe1e180 Uncommon trap: trap_request=0xffffff45 fr.pc=0x000001578fa809d8 relative=0x0000000000001f78
Event: 40.549 Thread 0x00000157bbe1e180 Uncommon trap: reason=unstable_if action=reinterpret pc=0x000001578fa809d8 method=java.util.concurrent.locks.ReentrantLock$NonfairSync.tryAcquire(I)Z @ 13 c2
Event: 40.549 Thread 0x00000157bbe1e180 DEOPT PACKING pc=0x000001578fa809d8 sp=0x00000001053fc420
Event: 40.549 Thread 0x00000157bbe1e180 DEOPT UNPACKING pc=0x000001578efc69a3 sp=0x00000001053fc368 mode 2
Event: 40.883 Thread 0x00000157bb68f580 Uncommon trap: trap_request=0xffffff45 fr.pc=0x000001578fa83438 relative=0x0000000000000dd8
Event: 40.883 Thread 0x00000157bb68f580 Uncommon trap: reason=unstable_if action=reinterpret pc=0x000001578fa83438 method=java.math.BigInteger.makePositive([BII)[I @ 40 c2
Event: 40.883 Thread 0x00000157bb68f580 DEOPT PACKING pc=0x000001578fa83438 sp=0x00000001029fe5e0
Event: 40.883 Thread 0x00000157bb68f580 DEOPT UNPACKING pc=0x000001578efc69a3 sp=0x00000001029fe4f8 mode 2

Classes unloaded (0 events):
No events

Classes redefined (0 events):
No events

Internal exceptions (20 events):
Event: 38.016 Thread 0x000001579ac00bf0 Exception <a 'java/lang/NoSuchMethodError'{0x000000008d160dc0}: 'java.lang.Object java.lang.invoke.DelegatingMethodHandle$Holder.reinvoke_L(java.lang.Object, long, int, int, int, int, int, int, java.lang.Object, int, int, int, int, java.lang.Object)'> (0x000000008d160dc0) 
thrown [s\src\hotspot\share\interpreter\linkResolver.cpp, line 759]
Event: 38.017 Thread 0x000001579ac00bf0 Implicit null exception at 0x000001578f664d8c to 0x000001578f664dbc
Event: 38.170 Thread 0x000001579ac00bf0 Exception <a 'java/lang/ClassNotFoundException'{0x000000008ca40fc0}: com/android/build/gradle/internal/api/ApkVariantOutputImpl_DecoratedBeanInfo> (0x000000008ca40fc0) 
thrown [s\src\hotspot\share\classfile\systemDictionary.cpp, line 256]
Event: 38.198 Thread 0x000001579ac00bf0 Exception <a 'java/lang/ClassNotFoundException'{0x000000008ca53d38}: com/android/build/gradle/internal/api/ApkVariantOutputImplBeanInfo> (0x000000008ca53d38) 
thrown [s\src\hotspot\share\classfile\systemDictionary.cpp, line 256]
Event: 38.213 Thread 0x000001579ac00bf0 Exception <a 'java/lang/ClassNotFoundException'{0x000000008ca66ad0}: com/android/build/gradle/internal/api/BaseVariantOutputImplBeanInfo> (0x000000008ca66ad0) 
thrown [s\src\hotspot\share\classfile\systemDictionary.cpp, line 256]
Event: 38.214 Thread 0x000001579ac00bf0 Exception <a 'java/lang/ClassNotFoundException'{0x000000008ca79840}: com/android/build/gradle/internal/api/BaseVariantOutputImplCustomizer> (0x000000008ca79840) 
thrown [s\src\hotspot\share\classfile\systemDictionary.cpp, line 256]
Event: 38.216 Thread 0x000001579ac00bf0 Exception <a 'java/lang/ClassNotFoundException'{0x000000008ca9f6e8}: com/android/build/gradle/internal/api/ApkVariantOutputImplCustomizer> (0x000000008ca9f6e8) 
thrown [s\src\hotspot\share\classfile\systemDictionary.cpp, line 256]
Event: 38.217 Thread 0x000001579ac00bf0 Exception <a 'java/lang/ClassNotFoundException'{0x000000008cac03a8}: com/android/build/gradle/internal/api/ApkVariantOutputImpl_DecoratedCustomizer> (0x000000008cac03a8) 
thrown [s\src\hotspot\share\classfile\systemDictionary.cpp, line 256]
Event: 38.359 Thread 0x000001579ac00bf0 Exception <a 'java/lang/ClassNotFoundException'{0x000000008c11a198}: com/android/build/gradle/internal/api/ReadOnlyBuildTypeBeanInfo> (0x000000008c11a198) 
thrown [s\src\hotspot\share\classfile\systemDictionary.cpp, line 256]
Event: 38.360 Thread 0x000001579ac00bf0 Exception <a 'java/lang/ClassNotFoundException'{0x000000008c12ceb0}: com/android/build/gradle/internal/api/ReadOnlyBaseConfigBeanInfo> (0x000000008c12ceb0) 
thrown [s\src\hotspot\share\classfile\systemDictionary.cpp, line 256]
Event: 38.361 Thread 0x000001579ac00bf0 Exception <a 'java/lang/ClassNotFoundException'{0x000000008c13fbf8}: com/android/build/gradle/internal/api/ReadOnlyBaseConfigCustomizer> (0x000000008c13fbf8) 
thrown [s\src\hotspot\share\classfile\systemDictionary.cpp, line 256]
Event: 38.362 Thread 0x000001579ac00bf0 Exception <a 'java/lang/ClassNotFoundException'{0x000000008c1634e0}: com/android/build/gradle/internal/api/ReadOnlyBuildTypeCustomizer> (0x000000008c1634e0) 
thrown [s\src\hotspot\share\classfile\systemDictionary.cpp, line 256]
Event: 39.018 Thread 0x000001579ac00bf0 Exception <a 'java/lang/ClassNotFoundException'{0x000000008ae51ed0}: build_dyeo6r5ssi5u37s7db4aad41aBeanInfo> (0x000000008ae51ed0) 
thrown [s\src\hotspot\share\classfile\systemDictionary.cpp, line 256]
Event: 39.019 Thread 0x000001579ac00bf0 Exception <a 'java/lang/ClassNotFoundException'{0x000000008ae59070}: build_dyeo6r5ssi5u37s7db4aad41aCustomizer> (0x000000008ae59070) 
thrown [s\src\hotspot\share\classfile\systemDictionary.cpp, line 256]
Event: 39.048 Thread 0x000001579ac00bf0 Exception <a 'java/lang/ClassNotFoundException'{0x000000008ad77008}: groovy/lang/GString$1BeanInfo> (0x000000008ad77008) 
thrown [s\src\hotspot\share\classfile\systemDictionary.cpp, line 256]
Event: 39.049 Thread 0x000001579ac00bf0 Exception <a 'java/lang/ClassNotFoundException'{0x000000008ad97fd8}: groovy/lang/GStringBeanInfo> (0x000000008ad97fd8) 
thrown [s\src\hotspot\share\classfile\systemDictionary.cpp, line 256]
Event: 39.051 Thread 0x000001579ac00bf0 Exception <a 'java/lang/ClassNotFoundException'{0x000000008adb8d18}: groovy/lang/GStringCustomizer> (0x000000008adb8d18) 
thrown [s\src\hotspot\share\classfile\systemDictionary.cpp, line 256]
Event: 39.053 Thread 0x000001579ac00bf0 Exception <a 'java/lang/ClassNotFoundException'{0x000000008ade4018}: groovy/lang/GString$1Customizer> (0x000000008ade4018) 
thrown [s\src\hotspot\share\classfile\systemDictionary.cpp, line 256]
Event: 39.061 Thread 0x000001579ac00bf0 Exception <a 'java/lang/ClassNotFoundException'{0x000000008aac0c78}: org/codehaus/groovy/runtime/GStringImplBeanInfo> (0x000000008aac0c78) 
thrown [s\src\hotspot\share\classfile\systemDictionary.cpp, line 256]
Event: 39.064 Thread 0x000001579ac00bf0 Exception <a 'java/lang/ClassNotFoundException'{0x000000008a8a7518}: org/codehaus/groovy/runtime/GStringImplCustomizer> (0x000000008a8a7518) 
thrown [s\src\hotspot\share\classfile\systemDictionary.cpp, line 256]

VM Operations (20 events):
Event: 35.242 Executing VM operation: G1CollectForAllocation
Event: 35.272 Executing VM operation: G1CollectForAllocation done
Event: 35.534 Executing VM operation: HandshakeAllThreads
Event: 35.534 Executing VM operation: HandshakeAllThreads done
Event: 36.070 Executing VM operation: HandshakeAllThreads
Event: 36.070 Executing VM operation: HandshakeAllThreads done
Event: 37.076 Executing VM operation: Cleanup
Event: 37.076 Executing VM operation: Cleanup done
Event: 37.078 Executing VM operation: G1CollectForAllocation
Event: 37.092 Executing VM operation: G1CollectForAllocation done
Event: 38.100 Executing VM operation: Cleanup
Event: 38.100 Executing VM operation: Cleanup done
Event: 39.113 Executing VM operation: Cleanup
Event: 39.113 Executing VM operation: Cleanup done
Event: 39.399 Executing VM operation: G1CollectForAllocation
Event: 39.415 Executing VM operation: G1CollectForAllocation done
Event: 40.144 Executing VM operation: HandshakeAllThreads
Event: 40.144 Executing VM operation: HandshakeAllThreads done
Event: 40.845 Executing VM operation: G1CollectForAllocation
Event: 40.865 Executing VM operation: G1CollectForAllocation done

Events (20 events):
Event: 32.990 loading class java/security/KeyStore$ProtectionParameter
Event: 32.991 loading class java/security/KeyStore$ProtectionParameter done
Event: 33.760 loading class javax/xml/stream/XMLStreamException
Event: 33.761 loading class javax/xml/stream/XMLStreamException done
Event: 34.079 Thread 0x00000157bdf93bd0 Thread added: 0x00000157bdf93bd0
Event: 35.324 loading class java/beans/IntrospectionException
Event: 35.325 loading class java/beans/IntrospectionException done
Event: 35.526 loading class java/lang/StringBeanInfo
Event: 35.526 loading class java/lang/StringBeanInfo done
Event: 35.526 loading class java/lang/StringBeanInfo
Event: 35.526 loading class java/lang/StringBeanInfo done
Event: 35.526 loading class java/lang/StringCustomizer
Event: 35.526 loading class java/lang/StringCustomizer done
Event: 35.527 loading class java/lang/StringCustomizer
Event: 35.527 loading class java/lang/StringCustomizer done
Event: 36.647 loading class java/util/regex/Pattern$Caret
Event: 36.648 loading class java/util/regex/Pattern$Caret done
Event: 40.150 Thread 0x00000157ffcbffb0 flushing nmethod 0x0000015787ac2990
Event: 40.150 Thread 0x00000157ffcbffb0 flushing nmethod 0x0000015787ad8390
Event: 40.162 Thread 0x00000157ffcbffb0 flushing nmethod 0x0000015788628210


Dynamic libraries:
0x00007ff7a0ac0000 - 0x00007ff7a0ace000 	C:\Program Files\Microsoft\jdk-17.0.8.7-hotspot\bin\java.exe
0x00007ffa2edb0000 - 0x00007ffa2efa8000 	C:\WINDOWS\SYSTEM32\ntdll.dll
0x00007ffa2e530000 - 0x00007ffa2e5f2000 	C:\WINDOWS\System32\KERNEL32.DLL
0x00007ffa2c890000 - 0x00007ffa2cb8e000 	C:\WINDOWS\System32\KERNELBASE.dll
0x00007ffa2c450000 - 0x00007ffa2c550000 	C:\WINDOWS\System32\ucrtbase.dll
0x00007ffa29390000 - 0x00007ffa293a7000 	C:\Program Files\Microsoft\jdk-17.0.8.7-hotspot\bin\jli.dll
0x00007ffa298c0000 - 0x00007ffa298db000 	C:\Program Files\Microsoft\jdk-17.0.8.7-hotspot\bin\VCRUNTIME140.dll
0x00007ffa2d390000 - 0x00007ffa2d52d000 	C:\WINDOWS\System32\USER32.dll
0x00007ffa182e0000 - 0x00007ffa1857a000 	C:\WINDOWS\WinSxS\amd64_microsoft.windows.common-controls_6595b64144ccf1df_6.0.19041.4355_none_60b8b9eb71f62e16\COMCTL32.dll
0x00007ffa2cb90000 - 0x00007ffa2cbb2000 	C:\WINDOWS\System32\win32u.dll
0x00007ffa2dc40000 - 0x00007ffa2dcde000 	C:\WINDOWS\System32\msvcrt.dll
0x00007ffa2dab0000 - 0x00007ffa2dadb000 	C:\WINDOWS\System32\GDI32.dll
0x00007ffa2c720000 - 0x00007ffa2c837000 	C:\WINDOWS\System32\gdi32full.dll
0x00007ffa2c650000 - 0x00007ffa2c6ed000 	C:\WINDOWS\System32\msvcp_win.dll
0x00007ffa2cef0000 - 0x00007ffa2cf1f000 	C:\WINDOWS\System32\IMM32.DLL
0x00007ffa298b0000 - 0x00007ffa298bc000 	C:\Program Files\Microsoft\jdk-17.0.8.7-hotspot\bin\vcruntime140_1.dll
0x00007ffa284e0000 - 0x00007ffa2856d000 	C:\Program Files\Microsoft\jdk-17.0.8.7-hotspot\bin\msvcp140.dll
0x00007ff9e7150000 - 0x00007ff9e7db5000 	C:\Program Files\Microsoft\jdk-17.0.8.7-hotspot\bin\server\jvm.dll
0x00007ffa2daf0000 - 0x00007ffa2dba1000 	C:\WINDOWS\System32\ADVAPI32.dll
0x00007ffa2df50000 - 0x00007ffa2dfef000 	C:\WINDOWS\System32\sechost.dll
0x00007ffa2e0c0000 - 0x00007ffa2e1e3000 	C:\WINDOWS\System32\RPCRT4.dll
0x00007ffa2c6f0000 - 0x00007ffa2c717000 	C:\WINDOWS\System32\bcrypt.dll
0x00007ffa2c2b0000 - 0x00007ffa2c2fb000 	C:\WINDOWS\SYSTEM32\POWRPROF.dll
0x00007ffa21680000 - 0x00007ffa216a7000 	C:\WINDOWS\SYSTEM32\WINMM.dll
0x00007ffa24890000 - 0x00007ffa2489a000 	C:\WINDOWS\SYSTEM32\VERSION.dll
0x00007ffa29730000 - 0x00007ffa29739000 	C:\WINDOWS\SYSTEM32\WSOCK32.dll
0x00007ffa2e4b0000 - 0x00007ffa2e51b000 	C:\WINDOWS\System32\ws2_32.DLL
0x00007ffa2c290000 - 0x00007ffa2c2a2000 	C:\WINDOWS\SYSTEM32\UMPDC.dll
0x00007ffa2a2f0000 - 0x00007ffa2a302000 	C:\WINDOWS\SYSTEM32\kernel.appcore.dll
0x00007ffa29380000 - 0x00007ffa2938a000 	C:\Program Files\Microsoft\jdk-17.0.8.7-hotspot\bin\jimage.dll
0x00007ffa25820000 - 0x00007ffa25a04000 	C:\WINDOWS\SYSTEM32\DBGHELP.DLL
0x00007ffa114e0000 - 0x00007ffa11514000 	C:\WINDOWS\SYSTEM32\dbgcore.DLL
0x00007ffa2c550000 - 0x00007ffa2c5d2000 	C:\WINDOWS\System32\bcryptPrimitives.dll
0x00007ffa26e60000 - 0x00007ffa26e6e000 	C:\Program Files\Microsoft\jdk-17.0.8.7-hotspot\bin\instrument.dll
0x00007ffa23550000 - 0x00007ffa23575000 	C:\Program Files\Microsoft\jdk-17.0.8.7-hotspot\bin\java.dll
0x00007ffa1f330000 - 0x00007ffa1f407000 	C:\Program Files\Microsoft\jdk-17.0.8.7-hotspot\bin\jsvml.dll
0x00007ffa2e600000 - 0x00007ffa2ed6d000 	C:\WINDOWS\System32\SHELL32.dll
0x00007ffa2a4f0000 - 0x00007ffa2ac94000 	C:\WINDOWS\SYSTEM32\windows.storage.dll
0x00007ffa2cfa0000 - 0x00007ffa2d2f3000 	C:\WINDOWS\System32\combase.dll
0x00007ffa2bdb0000 - 0x00007ffa2bdde000 	C:\WINDOWS\SYSTEM32\Wldp.dll
0x00007ffa2dff0000 - 0x00007ffa2e0bd000 	C:\WINDOWS\System32\OLEAUT32.dll
0x00007ffa2da00000 - 0x00007ffa2daad000 	C:\WINDOWS\System32\SHCORE.dll
0x00007ffa2cf20000 - 0x00007ffa2cf75000 	C:\WINDOWS\System32\shlwapi.dll
0x00007ffa2c380000 - 0x00007ffa2c3a4000 	C:\WINDOWS\SYSTEM32\profapi.dll
0x00007ffa1f5f0000 - 0x00007ffa1f608000 	C:\Program Files\Microsoft\jdk-17.0.8.7-hotspot\bin\zip.dll
0x00007ffa29360000 - 0x00007ffa29379000 	C:\Program Files\Microsoft\jdk-17.0.8.7-hotspot\bin\net.dll
0x00007ffa24670000 - 0x00007ffa2477d000 	C:\WINDOWS\SYSTEM32\WINHTTP.dll
0x00007ffa2bb10000 - 0x00007ffa2bb7a000 	C:\WINDOWS\system32\mswsock.dll
0x00007ffa21d60000 - 0x00007ffa21d76000 	C:\Program Files\Microsoft\jdk-17.0.8.7-hotspot\bin\nio.dll
0x00007ffa29900000 - 0x00007ffa29910000 	C:\Program Files\Microsoft\jdk-17.0.8.7-hotspot\bin\verify.dll
0x00007ffa1f1d0000 - 0x00007ffa1f1f7000 	C:\Users\maxi3\.gradle\native\c067742578af261105cb4f569cf0c3c89f3d7b1fecec35dd04571415982c5e48\windows-amd64\native-platform.dll
0x00007ff9f8f50000 - 0x00007ff9f9094000 	C:\Users\maxi3\.gradle\native\100fb08df4bc3b14c8652ba06237920a3bd2aa13389f12d3474272988ae205f9\windows-amd64\native-platform-file-events.dll
0x00007ffa26e80000 - 0x00007ffa26e89000 	C:\Program Files\Microsoft\jdk-17.0.8.7-hotspot\bin\management.dll
0x00007ffa269d0000 - 0x00007ffa269db000 	C:\Program Files\Microsoft\jdk-17.0.8.7-hotspot\bin\management_ext.dll
0x00007ffa2e520000 - 0x00007ffa2e528000 	C:\WINDOWS\System32\PSAPI.DLL
0x00007ffa2bd00000 - 0x00007ffa2bd18000 	C:\WINDOWS\SYSTEM32\CRYPTSP.dll
0x00007ffa2b430000 - 0x00007ffa2b464000 	C:\WINDOWS\system32\rsaenh.dll
0x00007ffa2c340000 - 0x00007ffa2c36e000 	C:\WINDOWS\SYSTEM32\USERENV.dll
0x00007ffa2bd20000 - 0x00007ffa2bd2c000 	C:\WINDOWS\SYSTEM32\CRYPTBASE.dll
0x00007ffa2b7f0000 - 0x00007ffa2b82b000 	C:\WINDOWS\SYSTEM32\IPHLPAPI.DLL
0x00007ffa2dbb0000 - 0x00007ffa2dbb8000 	C:\WINDOWS\System32\NSI.dll
0x00007ffa25db0000 - 0x00007ffa25dc7000 	C:\WINDOWS\SYSTEM32\dhcpcsvc6.DLL
0x00007ffa25a10000 - 0x00007ffa25a2d000 	C:\WINDOWS\SYSTEM32\dhcpcsvc.DLL
0x00007ffa2b830000 - 0x00007ffa2b8fa000 	C:\WINDOWS\SYSTEM32\DNSAPI.dll
0x00007ffa23540000 - 0x00007ffa2354e000 	C:\Program Files\Microsoft\jdk-17.0.8.7-hotspot\bin\sunmscapi.dll
0x00007ffa2cc70000 - 0x00007ffa2cdcc000 	C:\WINDOWS\System32\CRYPT32.dll
0x00007ffa2be20000 - 0x00007ffa2be47000 	C:\WINDOWS\SYSTEM32\ncrypt.dll
0x00007ffa2bde0000 - 0x00007ffa2be1b000 	C:\WINDOWS\SYSTEM32\NTASN1.dll
0x00007ffa22d80000 - 0x00007ffa22d87000 	C:\WINDOWS\system32\wshunix.dll
0x00007ffa1cf60000 - 0x00007ffa1cf6a000 	C:\Windows\System32\rasadhlp.dll
0x00007ffa1da20000 - 0x00007ffa1daa0000 	C:\WINDOWS\System32\fwpuclnt.dll
0x00007ff9fcb70000 - 0x00007ff9fcb87000 	C:\WINDOWS\system32\napinsp.dll
0x00007ff9fcb50000 - 0x00007ff9fcb6b000 	C:\WINDOWS\system32\pnrpnsp.dll
0x00007ffa0bf70000 - 0x00007ffa0bf85000 	C:\WINDOWS\system32\wshbth.dll
0x00007ffa28fa0000 - 0x00007ffa28fbd000 	C:\WINDOWS\system32\NLAapi.dll
0x00007ff9fcb30000 - 0x00007ff9fcb42000 	C:\WINDOWS\System32\winrnr.dll

dbghelp: loaded successfully - version: 4.0.5 - missing functions: none
symbol engine: initialized successfully - sym options: 0x614 - pdb path: .;C:\Program Files\Microsoft\jdk-17.0.8.7-hotspot\bin;C:\WINDOWS\SYSTEM32;C:\WINDOWS\WinSxS\amd64_microsoft.windows.common-controls_6595b64144ccf1df_6.0.19041.4355_none_60b8b9eb71f62e16;C:\Program Files\Microsoft\jdk-17.0.8.7-hotspot\bin\server;C:\Users\maxi3\.gradle\native\c067742578af261105cb4f569cf0c3c89f3d7b1fecec35dd04571415982c5e48\windows-amd64;C:\Users\maxi3\.gradle\native\100fb08df4bc3b14c8652ba06237920a3bd2aa13389f12d3474272988ae205f9\windows-amd64

VM Arguments:
jvm_args: -XX:MaxMetaspaceSize=512m --add-opens=java.base/java.util=ALL-UNNAMED --add-opens=java.base/java.lang=ALL-UNNAMED --add-opens=java.base/java.lang.invoke=ALL-UNNAMED --add-opens=java.prefs/java.util.prefs=ALL-UNNAMED --add-exports=jdk.compiler/com.sun.tools.javac.api=ALL-UNNAMED --add-exports=jdk.compiler/com.sun.tools.javac.util=ALL-UNNAMED --add-opens=java.base/java.nio.charset=ALL-UNNAMED --add-opens=java.base/java.net=ALL-UNNAMED --add-opens=java.base/java.util.concurrent.atomic=ALL-UNNAMED -Xmx2048m -Dfile.encoding=windows-1252 -Duser.country=AR -Duser.language=es -Duser.variant -javaagent:C:\Users\maxi3\.gradle\wrapper\dists\gradle-8.10.2-all\7iv73wktx1xtkvlq19urqw1wm\gradle-8.10.2\lib\agents\gradle-instrumentation-agent-8.10.2.jar 
java_command: org.gradle.launcher.daemon.bootstrap.GradleDaemon 8.10.2
java_class_path (initial): C:\Users\maxi3\.gradle\wrapper\dists\gradle-8.10.2-all\7iv73wktx1xtkvlq19urqw1wm\gradle-8.10.2\lib\gradle-daemon-main-8.10.2.jar
Launcher Type: SUN_STANDARD

[Global flags]
     intx CICompilerCount                          = 3                                         {product} {ergonomic}
   size_t CompressedClassSpaceSize                 = 436207616                                 {product} {ergonomic}
     uint ConcGCThreads                            = 1                                         {product} {ergonomic}
     uint G1ConcRefinementThreads                  = 4                                         {product} {ergonomic}
   size_t G1HeapRegionSize                         = 1048576                                   {product} {ergonomic}
    uintx GCDrainStackTargetSize                   = 64                                        {product} {ergonomic}
   size_t InitialHeapSize                          = 100663296                                 {product} {ergonomic}
   size_t MarkStackSize                            = 4194304                                   {product} {ergonomic}
   size_t MaxHeapSize                              = 2147483648                                {product} {command line}
   size_t MaxMetaspaceSize                         = 536870912                                 {product} {command line}
   size_t MaxNewSize                               = 1287651328                                {product} {ergonomic}
   size_t MinHeapDeltaBytes                        = 1048576                                   {product} {ergonomic}
   size_t MinHeapSize                              = 8388608                                   {product} {ergonomic}
    uintx NonNMethodCodeHeapSize                   = 5832780                                {pd product} {ergonomic}
    uintx NonProfiledCodeHeapSize                  = 122912730                              {pd product} {ergonomic}
    uintx ProfiledCodeHeapSize                     = 122912730                              {pd product} {ergonomic}
    uintx ReservedCodeCacheSize                    = 251658240                              {pd product} {ergonomic}
     bool SegmentedCodeCache                       = true                                      {product} {ergonomic}
   size_t SoftMaxHeapSize                          = 2147483648                             {manageable} {ergonomic}
     bool UseCompressedClassPointers               = true                           {product lp64_product} {ergonomic}
     bool UseCompressedOops                        = true                           {product lp64_product} {ergonomic}
     bool UseG1GC                                  = true                                      {product} {ergonomic}
     bool UseLargePagesIndividualAllocation        = false                                  {pd product} {ergonomic}

Logging:
Log output configuration:
 #0: stdout all=warning uptime,level,tags
 #1: stderr all=off uptime,level,tags

Environment Variables:
JAVA_HOME=C:\Program Files\Microsoft\jdk-17.0.8.7-hotspot\
CLASSPATH=D:\Programacion\React native\MoviesApp\android\\gradle\wrapper\gradle-wrapper.jar
PATH=D:\Programacion\React native\MoviesApp\node_modules\.bin;D:\Programacion\React native\node_modules\.bin;D:\Programacion\node_modules\.bin;D:\node_modules\.bin;C:\Users\maxi3\AppData\Roaming\npm\node_modules\npm\node_modules\@npmcli\run-script\lib\node-gyp-bin;C:\Users\maxi3\bin;C:\Program Files\Git\mingw64\bin;C:\Program Files\Git\usr\local\bin;C:\Program Files\Git\usr\bin;C:\Program Files\Git\usr\bin;C:\Program Files\Git\mingw64\bin;C:\Program Files\Git\usr\bin;C:\Users\maxi3\bin;C:\Program Files\Microsoft\jdk-17.0.8.7-hotspot\bin;C:\WINDOWS\system32;C:\WINDOWS;C:\WINDOWS\System32\Wbem;C:\WINDOWS\System32\WindowsPowerShell\v1.0;C:\WINDOWS\System32\OpenSSH;C:\Program Files\Git\cmd;C:\Program Files (x86)\dotnet;C:\ProgramData\chocolatey\bin;C:\Users\maxi3\AppData\Roaming\nvm;C:\Program Files\nodejs;C:\Program Files\nodejs;C:\Program Files (x86)\Yarn\bin;C:\Users\maxi3\AppData\Local\Microsoft\WindowsApps;C:\Users\maxi3\AppData\Local\Programs\Microsoft VS Code\bin;%IntelliJ IDEA Community Edition%;C:\Users\maxi3\AppData\Roaming\nvm;C:\Program Files\nodejs;C:\Users\maxi3\AppData\Roaming\nvm;C:\SDKflutter\flutter_windows_3.24.3-stable\flutter\bin;D:\Androidsdk\platform-tools;C:\Program Files\Git\usr\bin\vendor_perl;C:\Program Files\Git\usr\bin\core_perl;C;D:\Users\maxi3\AppData\Local\Android\Sdk\emulator;C;D:\Users\maxi3\AppData\Local\Android\Sdk\tools;C;D:\Users\maxi3\AppData\Local\Android\Sdk\tools\bin;C;D:\Users\maxi3\AppData\Local\Android\Sdk\platform-tools
USERNAME=maxi3
SHELL=C:\Program Files\Git\usr\bin\bash.exe
DISPLAY=needs-to-be-defined
LANG=en_US.UTF-8
TERM=xterm-256color
TMPDIR=C:\Users\maxi3\AppData\Local\Temp
OS=Windows_NT
PROCESSOR_IDENTIFIER=AMD64 Family 23 Model 24 Stepping 1, AuthenticAMD
TMP=C:\Users\maxi3\AppData\Local\Temp
TEMP=C:\Users\maxi3\AppData\Local\Temp



---------------  S Y S T E M  ---------------

OS:
 Windows 10 , 64 bit Build 19041 (10.0.19041.5072)
OS uptime: 1 days 17:10 hours

CPU: total 4 (initial active 4) (4 cores per cpu, 1 threads per core) family 23 model 24 stepping 1 microcode 0x0, cx8, cmov, fxsr, mmx, 3dnowpref, sse, sse2, sse3, ssse3, sse4a, sse4.1, sse4.2, popcnt, lzcnt, tsc, tscinvbit, avx, avx2, aes, clmul, bmi1, bmi2, adx, sha, fma, vzeroupper, clflush, clflushopt
Processor Information for all 4 processors :
  Max Mhz: 3600, Current Mhz: 3600, Mhz Limit: 3600

Memory: 4k page, system-wide physical 6078M (331M free)
TotalPageFile size 15294M (AvailPageFile size 6482M)
current process WorkingSet (physical memory assigned to process): 415M, peak: 417M
current process commit charge ("private bytes"): 555M, peak: 562M

vm_info: OpenJDK 64-Bit Server VM (17.0.8+7-LTS) for windows-amd64 JRE (17.0.8+7-LTS), built on Jul  7 2023 17:21:55 by "MicrosoftCorporation" with MS VC++ 16.10 / 16.11 (VS2019)

END.
